TN:
SF:src/constants/Animals.ts
FN:3,(anonymous_0)
FN:13,(anonymous_1)
FNF:2
FNH:2
FNDA:3,(anonymous_0)
FNDA:3,(anonymous_1)
DA:3,3
DA:4,3
DA:5,3
DA:6,3
DA:7,3
DA:8,3
DA:9,3
DA:10,3
DA:13,3
DA:14,3
DA:15,3
DA:16,3
DA:17,3
DA:18,3
DA:19,3
DA:20,3
DA:21,3
DA:22,3
DA:23,3
LF:19
LH:19
BRDA:3,0,0,3
BRDA:3,0,1,3
BRDA:13,1,0,3
BRDA:13,1,1,3
BRF:4
BRH:4
end_of_record
TN:
SF:src/constants/Armors.ts
FN:3,(anonymous_0)
FN:11,(anonymous_1)
FNF:2
FNH:2
FNDA:3,(anonymous_0)
FNDA:3,(anonymous_1)
DA:3,3
DA:4,3
DA:5,3
DA:6,3
DA:7,3
DA:8,3
DA:11,3
DA:12,3
DA:13,3
DA:14,3
DA:15,3
DA:16,3
LF:12
LH:12
BRDA:3,0,0,3
BRDA:3,0,1,3
BRDA:11,1,0,3
BRDA:11,1,1,3
BRF:4
BRH:4
end_of_record
TN:
SF:src/constants/Categories.ts
FN:3,(anonymous_0)
FN:11,(anonymous_1)
FNF:2
FNH:2
FNDA:3,(anonymous_0)
FNDA:3,(anonymous_1)
DA:3,3
DA:4,3
DA:5,3
DA:6,3
DA:7,3
DA:8,3
DA:11,3
DA:12,3
DA:13,3
DA:14,3
DA:15,3
DA:16,3
LF:12
LH:12
BRDA:3,0,0,3
BRDA:3,0,1,3
BRDA:11,1,0,3
BRDA:11,1,1,3
BRF:4
BRH:4
end_of_record
TN:
SF:src/constants/Characters.ts
FN:3,(anonymous_0)
FNF:1
FNH:1
FNDA:3,(anonymous_0)
DA:3,3
DA:4,3
DA:5,3
DA:6,3
DA:7,3
DA:8,3
DA:9,3
DA:10,3
DA:11,3
DA:12,3
DA:13,3
DA:14,3
DA:15,3
DA:16,3
DA:17,3
DA:18,3
DA:19,3
DA:20,3
DA:21,3
DA:22,3
DA:23,3
DA:24,3
LF:22
LH:22
BRDA:3,0,0,3
BRDA:3,0,1,3
BRF:2
BRH:2
end_of_record
TN:
SF:src/constants/Items.ts
FN:3,(anonymous_0)
FN:15,(anonymous_1)
FN:33,(anonymous_2)
FN:42,(anonymous_3)
FN:54,(anonymous_4)
FN:69,(anonymous_5)
FN:86,(anonymous_6)
FN:99,(anonymous_7)
FN:111,(anonymous_8)
FN:132,(anonymous_9)
FN:142,(anonymous_10)
FN:161,(anonymous_11)
FN:188,(anonymous_12)
FN:205,(anonymous_13)
FN:220,(anonymous_14)
FN:234,(anonymous_15)
FN:245,(anonymous_16)
FN:258,(anonymous_17)
FN:267,(anonymous_18)
FN:279,(anonymous_19)
FN:298,(anonymous_20)
FN:323,(anonymous_21)
FN:360,(anonymous_22)
FN:384,(anonymous_23)
FN:409,(anonymous_24)
FN:443,(anonymous_25)
FN:480,(anonymous_26)
FN:526,(anonymous_27)
FN:554,(anonymous_28)
FNF:29
FNH:29
FNDA:3,(anonymous_0)
FNDA:3,(anonymous_1)
FNDA:3,(anonymous_2)
FNDA:3,(anonymous_3)
FNDA:3,(anonymous_4)
FNDA:3,(anonymous_5)
FNDA:3,(anonymous_6)
FNDA:3,(anonymous_7)
FNDA:3,(anonymous_8)
FNDA:3,(anonymous_9)
FNDA:3,(anonymous_10)
FNDA:3,(anonymous_11)
FNDA:3,(anonymous_12)
FNDA:3,(anonymous_13)
FNDA:3,(anonymous_14)
FNDA:3,(anonymous_15)
FNDA:3,(anonymous_16)
FNDA:3,(anonymous_17)
FNDA:3,(anonymous_18)
FNDA:3,(anonymous_19)
FNDA:3,(anonymous_20)
FNDA:3,(anonymous_21)
FNDA:3,(anonymous_22)
FNDA:3,(anonymous_23)
FNDA:3,(anonymous_24)
FNDA:3,(anonymous_25)
FNDA:3,(anonymous_26)
FNDA:3,(anonymous_27)
FNDA:3,(anonymous_28)
DA:3,3
DA:4,3
DA:5,3
DA:6,3
DA:7,3
DA:8,3
DA:9,3
DA:10,3
DA:11,3
DA:12,3
DA:15,3
DA:16,3
DA:17,3
DA:18,3
DA:19,3
DA:20,3
DA:21,3
DA:22,3
DA:23,3
DA:24,3
DA:25,3
DA:26,3
DA:27,3
DA:28,3
DA:29,3
DA:30,3
DA:33,3
DA:34,3
DA:35,3
DA:36,3
DA:37,3
DA:38,3
DA:39,3
DA:42,3
DA:43,3
DA:44,3
DA:45,3
DA:46,3
DA:47,3
DA:48,3
DA:49,3
DA:50,3
DA:51,3
DA:54,3
DA:55,3
DA:56,3
DA:57,3
DA:58,3
DA:59,3
DA:60,3
DA:61,3
DA:62,3
DA:63,3
DA:64,3
DA:65,3
DA:66,3
DA:69,3
DA:70,3
DA:71,3
DA:72,3
DA:73,3
DA:74,3
DA:75,3
DA:76,3
DA:77,3
DA:78,3
DA:79,3
DA:80,3
DA:81,3
DA:82,3
DA:83,3
DA:86,3
DA:87,3
DA:88,3
DA:89,3
DA:90,3
DA:91,3
DA:92,3
DA:93,3
DA:94,3
DA:95,3
DA:96,3
DA:99,3
DA:100,3
DA:101,3
DA:102,3
DA:103,3
DA:104,3
DA:105,3
DA:106,3
DA:107,3
DA:108,3
DA:111,3
DA:112,3
DA:113,3
DA:114,3
DA:115,3
DA:116,3
DA:117,3
DA:118,3
DA:119,3
DA:120,3
DA:121,3
DA:122,3
DA:123,3
DA:124,3
DA:125,3
DA:126,3
DA:127,3
DA:128,3
DA:129,3
DA:132,3
DA:133,3
DA:134,3
DA:135,3
DA:136,3
DA:137,3
DA:138,3
DA:139,3
DA:142,3
DA:143,3
DA:144,3
DA:145,3
DA:146,3
DA:147,3
DA:148,3
DA:149,3
DA:150,3
DA:151,3
DA:152,3
DA:153,3
DA:154,3
DA:155,3
DA:156,3
DA:157,3
DA:158,3
DA:161,3
DA:162,3
DA:163,3
DA:164,3
DA:165,3
DA:166,3
DA:167,3
DA:168,3
DA:169,3
DA:170,3
DA:171,3
DA:172,3
DA:173,3
DA:174,3
DA:175,3
DA:176,3
DA:177,3
DA:178,3
DA:179,3
DA:180,3
DA:181,3
DA:182,3
DA:183,3
DA:184,3
DA:185,3
DA:188,3
DA:189,3
DA:190,3
DA:191,3
DA:192,3
DA:193,3
DA:194,3
DA:195,3
DA:196,3
DA:197,3
DA:198,3
DA:199,3
DA:200,3
DA:201,3
DA:202,3
DA:205,3
DA:206,3
DA:207,3
DA:208,3
DA:209,3
DA:210,3
DA:211,3
DA:212,3
DA:213,3
DA:214,3
DA:215,3
DA:216,3
DA:217,3
DA:220,3
DA:221,3
DA:222,3
DA:223,3
DA:224,3
DA:225,3
DA:226,3
DA:227,3
DA:228,3
DA:229,3
DA:230,3
DA:231,3
DA:234,3
DA:235,3
DA:236,3
DA:237,3
DA:238,3
DA:239,3
DA:240,3
DA:241,3
DA:242,3
DA:245,3
DA:246,3
DA:247,3
DA:248,3
DA:249,3
DA:250,3
DA:251,3
DA:252,3
DA:253,3
DA:254,3
DA:255,3
DA:258,3
DA:259,3
DA:260,3
DA:261,3
DA:262,3
DA:263,3
DA:264,3
DA:267,3
DA:268,3
DA:269,3
DA:270,3
DA:271,3
DA:272,3
DA:273,3
DA:274,3
DA:275,3
DA:276,3
DA:279,3
DA:280,3
DA:281,3
DA:282,3
DA:283,3
DA:284,3
DA:285,3
DA:286,3
DA:287,3
DA:288,3
DA:289,3
DA:290,3
DA:291,3
DA:292,3
DA:293,3
DA:294,3
DA:295,3
DA:298,3
DA:299,3
DA:300,3
DA:301,3
DA:302,3
DA:303,3
DA:304,3
DA:305,3
DA:306,3
DA:307,3
DA:308,3
DA:309,3
DA:310,3
DA:311,3
DA:312,3
DA:313,3
DA:314,3
DA:315,3
DA:316,3
DA:317,3
DA:318,3
DA:319,3
DA:320,3
DA:323,3
DA:324,3
DA:325,3
DA:326,3
DA:327,3
DA:328,3
DA:329,3
DA:330,3
DA:331,3
DA:332,3
DA:333,3
DA:334,3
DA:335,3
DA:336,3
DA:337,3
DA:338,3
DA:339,3
DA:340,3
DA:341,3
DA:342,3
DA:343,3
DA:344,3
DA:345,3
DA:346,3
DA:347,3
DA:348,3
DA:349,3
DA:350,3
DA:351,3
DA:352,3
DA:353,3
DA:354,3
DA:355,3
DA:356,3
DA:357,3
DA:360,3
DA:361,3
DA:362,3
DA:363,3
DA:364,3
DA:365,3
DA:366,3
DA:367,3
DA:368,3
DA:369,3
DA:370,3
DA:371,3
DA:372,3
DA:373,3
DA:374,3
DA:375,3
DA:376,3
DA:377,3
DA:378,3
DA:379,3
DA:380,3
DA:381,3
DA:384,3
DA:385,3
DA:386,3
DA:387,3
DA:388,3
DA:389,3
DA:390,3
DA:391,3
DA:392,3
DA:393,3
DA:394,3
DA:395,3
DA:396,3
DA:397,3
DA:398,3
DA:399,3
DA:400,3
DA:401,3
DA:402,3
DA:403,3
DA:404,3
DA:405,3
DA:406,3
DA:409,3
DA:410,3
DA:411,3
DA:412,3
DA:413,3
DA:414,3
DA:415,3
DA:416,3
DA:417,3
DA:418,3
DA:419,3
DA:420,3
DA:421,3
DA:422,3
DA:423,3
DA:424,3
DA:425,3
DA:426,3
DA:427,3
DA:428,3
DA:429,3
DA:430,3
DA:431,3
DA:432,3
DA:433,3
DA:434,3
DA:435,3
DA:436,3
DA:437,3
DA:438,3
DA:439,3
DA:440,3
DA:443,3
DA:444,3
DA:445,3
DA:446,3
DA:447,3
DA:448,3
DA:449,3
DA:450,3
DA:451,3
DA:452,3
DA:453,3
DA:454,3
DA:455,3
DA:456,3
DA:457,3
DA:458,3
DA:459,3
DA:460,3
DA:461,3
DA:462,3
DA:463,3
DA:464,3
DA:465,3
DA:466,3
DA:467,3
DA:468,3
DA:469,3
DA:470,3
DA:471,3
DA:472,3
DA:473,3
DA:474,3
DA:475,3
DA:476,3
DA:477,3
DA:480,3
DA:481,3
DA:482,3
DA:483,3
DA:484,3
DA:485,3
DA:486,3
DA:487,3
DA:488,3
DA:489,3
DA:490,3
DA:491,3
DA:492,3
DA:493,3
DA:494,3
DA:495,3
DA:496,3
DA:497,3
DA:498,3
DA:499,3
DA:500,3
DA:501,3
DA:502,3
DA:503,3
DA:504,3
DA:505,3
DA:506,3
DA:507,3
DA:508,3
DA:509,3
DA:510,3
DA:511,3
DA:512,3
DA:513,3
DA:514,3
DA:515,3
DA:516,3
DA:517,3
DA:518,3
DA:519,3
DA:520,3
DA:521,3
DA:522,3
DA:523,3
DA:526,3
DA:527,3
DA:528,3
DA:529,3
DA:530,3
DA:531,3
DA:532,3
DA:533,3
DA:534,3
DA:535,3
DA:536,3
DA:537,3
DA:538,3
DA:539,3
DA:540,3
DA:541,3
DA:542,3
DA:543,3
DA:544,3
DA:545,3
DA:546,3
DA:547,3
DA:548,3
DA:549,3
DA:550,3
DA:551,3
DA:554,3
DA:555,3
DA:556,3
DA:557,3
DA:558,3
DA:559,3
DA:560,3
DA:561,3
DA:562,3
DA:563,3
DA:564,3
DA:565,3
DA:566,3
DA:567,3
DA:568,3
DA:569,3
DA:570,3
DA:571,3
DA:572,3
DA:573,3
DA:574,3
DA:575,3
DA:576,3
DA:577,3
DA:578,3
DA:579,3
DA:580,3
DA:581,3
DA:582,3
DA:583,3
DA:584,3
DA:585,3
DA:586,3
DA:587,3
DA:588,3
DA:589,3
DA:590,3
DA:591,3
DA:592,3
DA:593,3
DA:594,3
DA:595,3
DA:596,3
DA:597,3
DA:598,3
DA:599,3
DA:600,3
DA:601,3
DA:602,3
DA:603,3
DA:604,3
DA:605,3
DA:606,3
DA:607,3
DA:608,3
DA:609,3
DA:610,3
DA:611,3
DA:612,3
DA:613,3
DA:614,3
DA:615,3
DA:616,3
DA:617,3
DA:618,3
DA:619,3
DA:620,3
DA:623,3
DA:656,3
LF:564
LH:564
BRDA:3,0,0,3
BRDA:3,0,1,3
BRDA:15,1,0,3
BRDA:15,1,1,3
BRDA:33,2,0,3
BRDA:33,2,1,3
BRDA:42,3,0,3
BRDA:42,3,1,3
BRDA:54,4,0,3
BRDA:54,4,1,3
BRDA:69,5,0,3
BRDA:69,5,1,3
BRDA:86,6,0,3
BRDA:86,6,1,3
BRDA:99,7,0,3
BRDA:99,7,1,3
BRDA:111,8,0,3
BRDA:111,8,1,3
BRDA:132,9,0,3
BRDA:132,9,1,3
BRDA:142,10,0,3
BRDA:142,10,1,3
BRDA:161,11,0,3
BRDA:161,11,1,3
BRDA:188,12,0,3
BRDA:188,12,1,3
BRDA:205,13,0,3
BRDA:205,13,1,3
BRDA:220,14,0,3
BRDA:220,14,1,3
BRDA:234,15,0,3
BRDA:234,15,1,3
BRDA:245,16,0,3
BRDA:245,16,1,3
BRDA:258,17,0,3
BRDA:258,17,1,3
BRDA:267,18,0,3
BRDA:267,18,1,3
BRDA:279,19,0,3
BRDA:279,19,1,3
BRDA:298,20,0,3
BRDA:298,20,1,3
BRDA:323,21,0,3
BRDA:323,21,1,3
BRDA:360,22,0,3
BRDA:360,22,1,3
BRDA:384,23,0,3
BRDA:384,23,1,3
BRDA:409,24,0,3
BRDA:409,24,1,3
BRDA:443,25,0,3
BRDA:443,25,1,3
BRDA:480,26,0,3
BRDA:480,26,1,3
BRDA:526,27,0,3
BRDA:526,27,1,3
BRDA:554,28,0,3
BRDA:554,28,1,3
BRF:58
BRH:58
end_of_record
TN:
SF:src/constants/LoadoutKeys.ts
FN:1,(anonymous_0)
FNF:1
FNH:1
FNDA:1,(anonymous_0)
DA:1,1
DA:2,1
DA:3,1
DA:4,1
DA:5,1
DA:6,1
DA:7,1
LF:7
LH:7
BRDA:1,0,0,1
BRDA:1,0,1,1
BRF:2
BRH:2
end_of_record
TN:
SF:src/constants/Locations.ts
FN:3,(anonymous_0)
FNF:1
FNH:1
FNDA:3,(anonymous_0)
DA:3,3
DA:4,3
DA:5,3
DA:6,3
DA:7,3
DA:8,3
DA:9,3
DA:10,3
DA:11,3
DA:12,3
DA:13,3
DA:14,3
DA:15,3
DA:16,3
DA:17,3
DA:18,3
LF:16
LH:16
BRDA:3,0,0,3
BRDA:3,0,1,3
BRF:2
BRH:2
end_of_record
TN:
SF:src/constants/TreeOfLifeLocations.ts
FN:3,(anonymous_0)
FNF:1
FNH:1
FNDA:3,(anonymous_0)
DA:3,3
DA:4,3
DA:5,3
DA:6,3
LF:4
LH:4
BRDA:3,0,0,3
BRDA:3,0,1,3
BRF:2
BRH:2
end_of_record
TN:
SF:src/constants/Weapons.ts
FN:3,(anonymous_0)
FN:26,(anonymous_1)
FN:49,(anonymous_2)
FNF:3
FNH:3
FNDA:3,(anonymous_0)
FNDA:3,(anonymous_1)
FNDA:3,(anonymous_2)
DA:3,3
DA:4,3
DA:5,3
DA:6,3
DA:7,3
DA:8,3
DA:9,3
DA:10,3
DA:11,3
DA:12,3
DA:13,3
DA:14,3
DA:15,3
DA:16,3
DA:17,3
DA:18,3
DA:19,3
DA:20,3
DA:21,3
DA:22,3
DA:23,3
DA:26,3
DA:27,3
DA:28,3
DA:29,3
DA:30,3
DA:31,3
DA:32,3
DA:33,3
DA:34,3
DA:35,3
DA:36,3
DA:37,3
DA:38,3
DA:39,3
DA:40,3
DA:41,3
DA:42,3
DA:43,3
DA:44,3
DA:45,3
DA:46,3
DA:49,3
DA:50,3
DA:51,3
DA:52,3
DA:53,3
DA:54,3
DA:55,3
DA:56,3
DA:57,3
DA:58,3
DA:59,3
DA:60,3
DA:61,3
DA:62,3
DA:63,3
DA:64,3
DA:65,3
DA:66,3
DA:67,3
DA:68,3
LF:62
LH:62
BRDA:3,0,0,3
BRDA:3,0,1,3
BRDA:26,1,0,3
BRDA:26,1,1,3
BRDA:49,2,0,3
BRDA:49,2,1,3
BRF:6
BRH:6
end_of_record
TN:
SF:src/constants/Weights.ts
FNF:0
FNH:0
DA:1,2
LF:1
LH:1
BRF:0
BRH:0
end_of_record
TN:
SF:src/constants/index.ts
FNF:0
FNH:0
DA:1,3
DA:2,3
DA:3,3
DA:4,3
DA:5,3
DA:6,3
DA:7,3
DA:8,3
DA:9,3
LF:9
LH:9
BRF:0
BRH:0
end_of_record
TN:
SF:src/libs/DataCache.ts
FN:11,(anonymous_0)
FN:14,(anonymous_1)
FN:17,(anonymous_2)
FN:20,(anonymous_3)
FN:23,(anonymous_4)
FN:26,(anonymous_5)
FN:31,(anonymous_6)
FNF:7
FNH:3
FNDA:23655,(anonymous_0)
FNDA:0,(anonymous_1)
FNDA:0,(anonymous_2)
FNDA:0,(anonymous_3)
FNDA:108,(anonymous_4)
FNDA:0,(anonymous_5)
FNDA:24,(anonymous_6)
DA:1,4
DA:10,4
DA:12,23655
DA:15,0
DA:18,0
DA:21,0
DA:24,108
DA:27,0
DA:31,4
DA:32,24
LF:10
LH:6
BRF:0
BRH:0
end_of_record
TN:
SF:src/libs/Entity.ts
FN:42,(anonymous_0)
FN:7,(anonymous_1)
FN:13,(anonymous_2)
FN:19,(anonymous_3)
FN:34,(anonymous_4)
FNF:5
FNH:5
FNDA:694,(anonymous_0)
FNDA:1384,(anonymous_1)
FNDA:65,(anonymous_2)
FNDA:694,(anonymous_3)
FNDA:143683,(anonymous_4)
DA:2,4
DA:4,4
DA:5,4
DA:8,1384
DA:10,1384
DA:14,65
DA:16,65
DA:20,694
DA:22,694
DA:23,0
DA:24,694
DA:25,2
DA:28,692
DA:29,149
DA:32,543
DA:35,143683
DA:39,694
DA:40,694
DA:44,694
DA:46,694
DA:48,694
DA:49,694
LF:22
LH:21
BRDA:48,0,0,694
BRDA:48,0,1,0
BRDA:22,1,0,0
BRDA:22,1,1,694
BRDA:24,2,0,2
BRDA:24,2,1,692
BRDA:28,3,0,149
BRDA:28,3,1,543
BRF:8
BRH:6
end_of_record
TN:
SF:src/libs/Item.ts
FN:46,(anonymous_0)
FN:54,(anonymous_1)
FN:77,(anonymous_2)
FN:85,(anonymous_3)
FN:88,(anonymous_4)
FN:102,(anonymous_5)
FN:105,(anonymous_6)
FN:113,(anonymous_7)
FN:131,(anonymous_8)
FN:133,(anonymous_9)
FNF:10
FNH:7
FNDA:639,(anonymous_0)
FNDA:1,(anonymous_1)
FNDA:5161,(anonymous_2)
FNDA:22375,(anonymous_3)
FNDA:27576,(anonymous_4)
FNDA:0,(anonymous_5)
FNDA:0,(anonymous_6)
FNDA:0,(anonymous_7)
FNDA:4578,(anonymous_8)
FNDA:15255,(anonymous_9)
DA:13,4
DA:14,4
DA:16,4
DA:19,4
DA:47,639
DA:49,639
DA:50,639
DA:51,639
DA:58,1
DA:60,1
DA:61,2
DA:63,2
DA:64,4
DA:66,4
DA:68,4
DA:69,0
DA:73,2
DA:78,5161
DA:79,100
DA:84,5061
DA:86,22375
DA:88,27576
DA:92,22375
DA:93,22375
DA:95,0
DA:96,0
DA:103,0
DA:104,0
DA:105,0
DA:110,0
DA:114,0
DA:116,0
DA:118,0
DA:120,0
DA:122,0
DA:125,0
DA:127,0
DA:132,4578
DA:133,15255
LF:39
LH:25
BRDA:68,0,0,0
BRDA:68,0,1,4
BRDA:78,1,0,100
BRDA:78,1,1,5061
BRDA:103,2,0,0
BRDA:103,2,1,0
BRDA:115,3,0,0
BRDA:115,3,1,0
BRDA:115,3,2,0
BRDA:115,3,3,0
BRDA:115,3,4,0
BRDA:115,3,5,0
BRDA:115,3,6,0
BRF:13
BRH:3
end_of_record
TN:
SF:src/libs/Loadout.ts
FN:32,(anonymous_0)
FN:21,(anonymous_1)
FN:43,(anonymous_2)
FN:51,(anonymous_3)
FN:52,(anonymous_4)
FN:61,(anonymous_5)
FN:67,(anonymous_6)
FN:71,(anonymous_7)
FN:82,(anonymous_8)
FN:86,(anonymous_9)
FN:89,(anonymous_10)
FN:97,(anonymous_11)
FN:103,(anonymous_12)
FN:104,(anonymous_13)
FN:108,(anonymous_14)
FN:123,(anonymous_15)
FN:127,(anonymous_16)
FN:128,(anonymous_17)
FN:131,(anonymous_18)
FN:142,(anonymous_19)
FN:232,(anonymous_20)
FN:234,(anonymous_21)
FN:235,(anonymous_22)
FNF:23
FNH:19
FNDA:7,(anonymous_0)
FNDA:7,(anonymous_1)
FNDA:7,(anonymous_2)
FNDA:42,(anonymous_3)
FNDA:37,(anonymous_4)
FNDA:0,(anonymous_5)
FNDA:17,(anonymous_6)
FNDA:773,(anonymous_7)
FNDA:8,(anonymous_8)
FNDA:0,(anonymous_9)
FNDA:0,(anonymous_10)
FNDA:4,(anonymous_11)
FNDA:69,(anonymous_12)
FNDA:59,(anonymous_13)
FNDA:181,(anonymous_14)
FNDA:2,(anonymous_15)
FNDA:12,(anonymous_16)
FNDA:12,(anonymous_17)
FNDA:54,(anonymous_18)
FNDA:0,(anonymous_19)
FNDA:763,(anonymous_20)
FNDA:4578,(anonymous_21)
FNDA:4578,(anonymous_22)
DA:1,2
DA:2,2
DA:3,2
DA:14,2
DA:16,2
DA:22,7
DA:33,7
DA:34,7
DA:35,7
DA:36,7
DA:37,7
DA:38,7
DA:40,7
DA:44,7
DA:46,7
DA:47,7
DA:50,7
DA:51,42
DA:53,37
DA:56,7
DA:58,7
DA:62,0
DA:63,0
DA:64,0
DA:68,17
DA:72,773
DA:83,8
DA:87,0
DA:88,0
DA:89,0
DA:94,0
DA:98,4
DA:99,4
DA:100,4
DA:101,4
DA:102,4
DA:103,69
DA:105,59
DA:106,59
DA:108,59
DA:109,181
DA:110,54
DA:115,4
DA:117,4
DA:120,0
DA:124,2
DA:126,2
DA:127,12
DA:129,12
DA:131,12
DA:132,54
DA:139,2
DA:143,0
DA:144,0
DA:147,0
DA:149,0
DA:150,0
DA:160,0
DA:169,0
DA:233,763
DA:234,4578
DA:235,4578
LF:62
LH:47
BRDA:23,0,0,6
BRDA:23,0,1,1
BRDA:24,1,0,6
BRDA:24,1,1,1
BRDA:25,2,0,6
BRDA:25,2,1,1
BRDA:26,3,0,6
BRDA:26,3,1,1
BRDA:27,4,0,7
BRDA:27,4,1,0
BRDA:28,5,0,6
BRDA:28,5,1,1
BRDA:46,6,0,7
BRDA:46,6,1,0
BRDA:68,7,0,17
BRDA:68,7,1,0
BRDA:87,8,0,0
BRDA:87,8,1,0
BRDA:98,9,0,4
BRDA:98,9,1,0
BRDA:109,10,0,54
BRDA:109,10,1,127
BRDA:123,11,0,0
BRDA:129,12,0,12
BRDA:129,12,1,10
BRDA:134,13,0,54
BRDA:134,13,1,42
BRDA:142,14,0,0
BRDA:143,15,0,0
BRDA:143,15,1,0
BRDA:149,16,0,0
BRDA:149,16,1,0
BRF:32
BRH:20
end_of_record
TN:
SF:src/libs/Location.ts
FN:34,(anonymous_0)
FN:37,(anonymous_1)
FN:42,(anonymous_2)
FN:52,(anonymous_3)
FNF:4
FNH:4
FNDA:55,(anonymous_0)
FNDA:944,(anonymous_1)
FNDA:30,(anonymous_2)
FNDA:514,(anonymous_3)
DA:1,3
DA:8,3
DA:9,3
DA:20,3
DA:21,3
DA:23,55
DA:35,55
DA:37,55
DA:38,944
DA:44,30
DA:46,30
DA:48,30
DA:50,30
DA:52,30
DA:53,514
DA:55,514
DA:56,110
DA:59,514
DA:60,110
DA:61,110
DA:63,110
DA:66,514
DA:69,30
LF:23
LH:23
BRDA:55,0,0,110
BRDA:55,0,1,404
BRDA:55,1,0,514
BRDA:55,1,1,514
BRDA:59,2,0,110
BRDA:59,2,1,404
BRF:6
BRH:6
end_of_record
TN:
SF:src/libs/MaterialList.ts
FN:8,(anonymous_0)
FN:12,(anonymous_1)
FN:16,(anonymous_2)
FN:20,(anonymous_3)
FN:30,(anonymous_4)
FN:40,(anonymous_5)
FN:41,(anonymous_6)
FN:48,(anonymous_7)
FN:49,(anonymous_8)
FN:54,(anonymous_9)
FN:62,(anonymous_10)
FN:71,(anonymous_11)
FN:74,(anonymous_12)
FN:76,(anonymous_13)
FN:82,(anonymous_14)
FN:85,(anonymous_15)
FNF:16
FNH:15
FNDA:832,(anonymous_0)
FNDA:678,(anonymous_1)
FNDA:65,(anonymous_2)
FNDA:14356,(anonymous_3)
FNDA:12,(anonymous_4)
FNDA:800,(anonymous_5)
FNDA:13273,(anonymous_6)
FNDA:7,(anonymous_7)
FNDA:37,(anonymous_8)
FNDA:763,(anonymous_9)
FNDA:1,(anonymous_10)
FNDA:2132,(anonymous_11)
FNDA:2010,(anonymous_12)
FNDA:55,(anonymous_13)
FNDA:15,(anonymous_14)
FNDA:0,(anonymous_15)
DA:2,3
DA:3,3
DA:5,3
DA:9,832
DA:13,678
DA:17,65
DA:21,14356
DA:22,7351
DA:25,14356
DA:27,14356
DA:31,12
DA:32,0
DA:34,12
DA:37,12
DA:41,800
DA:42,13273
DA:45,800
DA:49,37
DA:51,7
DA:55,763
DA:57,763
DA:59,763
DA:63,1
DA:64,1
DA:65,1
DA:67,1
DA:68,4
DA:70,4
DA:72,2132
DA:74,2010
DA:76,55
DA:78,4
DA:81,1
DA:82,15
DA:85,0
LF:35
LH:33
BRDA:16,0,0,0
BRDA:20,1,0,0
BRDA:21,2,0,7351
BRDA:21,2,1,7005
BRDA:30,3,0,0
BRDA:31,4,0,0
BRDA:31,4,1,12
BRDA:62,5,0,0
BRDA:72,6,0,2132
BRDA:72,6,1,2132
BRDA:72,6,2,1740
BRDA:81,7,0,1
BRDA:81,7,1,0
BRF:13
BRH:7
end_of_record
TN:
SF:src/libs/Route.ts
FN:40,(anonymous_0)
FN:48,(anonymous_1)
FN:51,(anonymous_2)
FN:55,(anonymous_3)
FN:62,(anonymous_4)
FN:65,(anonymous_5)
FN:70,(anonymous_6)
FN:74,(anonymous_7)
FN:78,(anonymous_8)
FN:85,(anonymous_9)
FN:90,(anonymous_10)
FN:94,(anonymous_11)
FN:95,(anonymous_12)
FN:96,(anonymous_13)
FN:98,(anonymous_14)
FN:102,(anonymous_15)
FN:112,(anonymous_16)
FN:134,(anonymous_17)
FN:136,(anonymous_18)
FN:145,(anonymous_19)
FN:148,(anonymous_20)
FN:158,(anonymous_21)
FN:178,(anonymous_22)
FN:183,(anonymous_23)
FN:187,(anonymous_24)
FN:190,(anonymous_25)
FN:197,(anonymous_26)
FN:198,(anonymous_27)
FNF:28
FNH:28
FNDA:3,(anonymous_0)
FNDA:3,(anonymous_1)
FNDA:63,(anonymous_2)
FNDA:33,(anonymous_3)
FNDA:2,(anonymous_4)
FNDA:30,(anonymous_5)
FNDA:2,(anonymous_6)
FNDA:30,(anonymous_7)
FNDA:80,(anonymous_8)
FNDA:30,(anonymous_9)
FNDA:30,(anonymous_10)
FNDA:118,(anonymous_11)
FNDA:118,(anonymous_12)
FNDA:166,(anonymous_13)
FNDA:80,(anonymous_14)
FNDA:762,(anonymous_15)
FNDA:2302,(anonymous_16)
FNDA:780,(anonymous_17)
FNDA:580,(anonymous_18)
FNDA:237,(anonymous_19)
FNDA:181,(anonymous_20)
FNDA:1,(anonymous_21)
FNDA:11,(anonymous_22)
FNDA:15,(anonymous_23)
FNDA:1,(anonymous_24)
FNDA:1,(anonymous_25)
FNDA:2295,(anonymous_26)
FNDA:449,(anonymous_27)
DA:1,2
DA:2,2
DA:4,2
DA:16,2
DA:17,2
DA:31,3
DA:37,3
DA:41,3
DA:42,3
DA:44,3
DA:45,3
DA:49,3
DA:51,3
DA:52,63
DA:55,3
DA:56,33
DA:57,12
DA:63,2
DA:65,2
DA:66,30
DA:71,2
DA:73,2
DA:75,30
DA:79,80
DA:82,2
DA:84,2
DA:85,30
DA:90,30
DA:94,118
DA:95,118
DA:96,166
DA:98,80
DA:103,762
DA:104,762
DA:106,762
DA:112,2302
DA:116,762
DA:117,2
DA:118,760
DA:122,200
DA:125,560
DA:126,449
DA:127,449
DA:130,111
DA:131,52
DA:134,780
DA:136,580
DA:142,59
DA:146,237
DA:148,181
DA:155,111
DA:159,1
DA:163,0
DA:169,1
DA:178,11
DA:180,1
DA:182,1
DA:183,15
DA:185,1
DA:187,1
DA:189,1
DA:190,1
DA:196,1
DA:197,2295
DA:198,449
DA:199,1
DA:201,1
LF:67
LH:66
BRDA:56,0,0,12
BRDA:56,0,1,21
BRDA:102,1,0,1
BRDA:116,2,0,2
BRDA:116,2,1,760
BRDA:116,3,0,762
BRDA:116,3,1,761
BRDA:118,4,0,200
BRDA:118,4,1,560
BRDA:119,5,0,760
BRDA:119,5,1,649
BRDA:125,6,0,449
BRDA:125,6,1,111
BRDA:130,7,0,52
BRDA:130,7,1,59
BRDA:134,8,0,780
BRDA:134,8,1,580
BRDA:146,9,0,237
BRDA:146,9,1,181
BRDA:158,10,0,1
BRDA:159,11,0,0
BRDA:159,11,1,1
BRDA:160,12,0,1
BRDA:160,12,1,0
BRDA:160,12,2,0
BRDA:186,13,0,0
BRDA:186,13,1,1
BRF:27
BRH:23
end_of_record
TN:
SF:src/utilities/setStaticCache.ts
FN:11,(anonymous_0)
FNF:1
FNH:1
FNDA:4,(anonymous_0)
DA:1,4
DA:9,4
DA:11,4
DA:12,4
DA:13,4
DA:14,4
DA:15,4
DA:16,4
DA:17,4
LF:9
LH:9
BRF:0
BRH:0
end_of_record
