{"/home/paulendri/Projects/erbs/packages/sdk/src/constants/Animals.ts": {"path":"/home/paulendri/Projects/erbs/packages/sdk/src/constants/Animals.ts","statementMap":{"0":{"start":{"line":3,"column":0},"end":{"line":3,"column":null}},"1":{"start":{"line":4,"column":2},"end":{"line":4,"column":null}},"2":{"start":{"line":5,"column":2},"end":{"line":5,"column":null}},"3":{"start":{"line":6,"column":2},"end":{"line":6,"column":null}},"4":{"start":{"line":7,"column":2},"end":{"line":7,"column":null}},"5":{"start":{"line":8,"column":2},"end":{"line":8,"column":null}},"6":{"start":{"line":9,"column":2},"end":{"line":9,"column":null}},"7":{"start":{"line":10,"column":2},"end":{"line":10,"column":null}},"8":{"start":{"line":13,"column":0},"end":{"line":13,"column":null}},"9":{"start":{"line":14,"column":2},"end":{"line":14,"column":null}},"10":{"start":{"line":15,"column":2},"end":{"line":15,"column":null}},"11":{"start":{"line":16,"column":2},"end":{"line":16,"column":null}},"12":{"start":{"line":17,"column":2},"end":{"line":17,"column":null}},"13":{"start":{"line":18,"column":2},"end":{"line":18,"column":null}},"14":{"start":{"line":19,"column":2},"end":{"line":19,"column":null}},"15":{"start":{"line":20,"column":2},"end":{"line":20,"column":null}},"16":{"start":{"line":21,"column":2},"end":{"line":21,"column":null}},"17":{"start":{"line":22,"column":2},"end":{"line":22,"column":null}},"18":{"start":{"line":23,"column":2},"end":{"line":23,"column":null}}},"fnMap":{"0":{"name":"(anonymous_0)","decl":{"start":{"line":3,"column":0},"end":{"line":3,"column":12}},"loc":{"start":{"line":3,"column":19},"end":{"line":11,"column":1}}},"1":{"name":"(anonymous_1)","decl":{"start":{"line":13,"column":0},"end":{"line":13,"column":12}},"loc":{"start":{"line":13,"column":25},"end":{"line":24,"column":1}}}},"branchMap":{"0":{"loc":{"start":{"line":3,"column":12},"end":{"line":3,"column":19}},"type":"binary-expr","locations":[{"start":{"line":3,"column":12},"end":{"line":3,"column":19}},{"start":{"line":3,"column":12},"end":{"line":3,"column":null}}]},"1":{"loc":{"start":{"line":13,"column":12},"end":{"line":13,"column":25}},"type":"binary-expr","locations":[{"start":{"line":13,"column":12},"end":{"line":13,"column":25}},{"start":{"line":13,"column":12},"end":{"line":13,"column":null}}]}},"s":{"0":3,"1":3,"2":3,"3":3,"4":3,"5":3,"6":3,"7":3,"8":3,"9":3,"10":3,"11":3,"12":3,"13":3,"14":3,"15":3,"16":3,"17":3,"18":3},"f":{"0":3,"1":3},"b":{"0":[3,3],"1":[3,3]}}
,"/home/paulendri/Projects/erbs/packages/sdk/src/constants/Armors.ts": {"path":"/home/paulendri/Projects/erbs/packages/sdk/src/constants/Armors.ts","statementMap":{"0":{"start":{"line":3,"column":0},"end":{"line":3,"column":null}},"1":{"start":{"line":4,"column":2},"end":{"line":4,"column":null}},"2":{"start":{"line":5,"column":2},"end":{"line":5,"column":null}},"3":{"start":{"line":6,"column":2},"end":{"line":6,"column":null}},"4":{"start":{"line":7,"column":2},"end":{"line":7,"column":null}},"5":{"start":{"line":8,"column":2},"end":{"line":8,"column":null}},"6":{"start":{"line":11,"column":0},"end":{"line":11,"column":null}},"7":{"start":{"line":12,"column":2},"end":{"line":12,"column":null}},"8":{"start":{"line":13,"column":2},"end":{"line":13,"column":null}},"9":{"start":{"line":14,"column":2},"end":{"line":14,"column":null}},"10":{"start":{"line":15,"column":2},"end":{"line":15,"column":null}},"11":{"start":{"line":16,"column":2},"end":{"line":16,"column":null}}},"fnMap":{"0":{"name":"(anonymous_0)","decl":{"start":{"line":3,"column":0},"end":{"line":3,"column":12}},"loc":{"start":{"line":3,"column":18},"end":{"line":9,"column":1}}},"1":{"name":"(anonymous_1)","decl":{"start":{"line":11,"column":0},"end":{"line":11,"column":12}},"loc":{"start":{"line":11,"column":24},"end":{"line":17,"column":1}}}},"branchMap":{"0":{"loc":{"start":{"line":3,"column":12},"end":{"line":3,"column":18}},"type":"binary-expr","locations":[{"start":{"line":3,"column":12},"end":{"line":3,"column":18}},{"start":{"line":3,"column":12},"end":{"line":3,"column":null}}]},"1":{"loc":{"start":{"line":11,"column":12},"end":{"line":11,"column":24}},"type":"binary-expr","locations":[{"start":{"line":11,"column":12},"end":{"line":11,"column":24}},{"start":{"line":11,"column":12},"end":{"line":11,"column":null}}]}},"s":{"0":3,"1":3,"2":3,"3":3,"4":3,"5":3,"6":3,"7":3,"8":3,"9":3,"10":3,"11":3},"f":{"0":3,"1":3},"b":{"0":[3,3],"1":[3,3]}}
,"/home/paulendri/Projects/erbs/packages/sdk/src/constants/Categories.ts": {"path":"/home/paulendri/Projects/erbs/packages/sdk/src/constants/Categories.ts","statementMap":{"0":{"start":{"line":3,"column":0},"end":{"line":3,"column":null}},"1":{"start":{"line":4,"column":1},"end":{"line":4,"column":null}},"2":{"start":{"line":5,"column":1},"end":{"line":5,"column":null}},"3":{"start":{"line":6,"column":1},"end":{"line":6,"column":null}},"4":{"start":{"line":7,"column":1},"end":{"line":7,"column":null}},"5":{"start":{"line":8,"column":1},"end":{"line":8,"column":null}},"6":{"start":{"line":11,"column":0},"end":{"line":11,"column":null}},"7":{"start":{"line":12,"column":1},"end":{"line":12,"column":null}},"8":{"start":{"line":13,"column":1},"end":{"line":13,"column":null}},"9":{"start":{"line":14,"column":1},"end":{"line":14,"column":null}},"10":{"start":{"line":15,"column":1},"end":{"line":15,"column":null}},"11":{"start":{"line":16,"column":1},"end":{"line":16,"column":null}}},"fnMap":{"0":{"name":"(anonymous_0)","decl":{"start":{"line":3,"column":0},"end":{"line":3,"column":12}},"loc":{"start":{"line":3,"column":28},"end":{"line":9,"column":1}}},"1":{"name":"(anonymous_1)","decl":{"start":{"line":11,"column":0},"end":{"line":11,"column":12}},"loc":{"start":{"line":11,"column":22},"end":{"line":17,"column":1}}}},"branchMap":{"0":{"loc":{"start":{"line":3,"column":12},"end":{"line":3,"column":28}},"type":"binary-expr","locations":[{"start":{"line":3,"column":12},"end":{"line":3,"column":28}},{"start":{"line":3,"column":12},"end":{"line":3,"column":null}}]},"1":{"loc":{"start":{"line":11,"column":12},"end":{"line":11,"column":22}},"type":"binary-expr","locations":[{"start":{"line":11,"column":12},"end":{"line":11,"column":22}},{"start":{"line":11,"column":12},"end":{"line":11,"column":null}}]}},"s":{"0":3,"1":3,"2":3,"3":3,"4":3,"5":3,"6":3,"7":3,"8":3,"9":3,"10":3,"11":3},"f":{"0":3,"1":3},"b":{"0":[3,3],"1":[3,3]}}
,"/home/paulendri/Projects/erbs/packages/sdk/src/constants/Characters.ts": {"path":"/home/paulendri/Projects/erbs/packages/sdk/src/constants/Characters.ts","statementMap":{"0":{"start":{"line":3,"column":0},"end":{"line":3,"column":null}},"1":{"start":{"line":4,"column":2},"end":{"line":4,"column":null}},"2":{"start":{"line":5,"column":2},"end":{"line":5,"column":null}},"3":{"start":{"line":6,"column":2},"end":{"line":6,"column":null}},"4":{"start":{"line":7,"column":2},"end":{"line":7,"column":null}},"5":{"start":{"line":8,"column":2},"end":{"line":8,"column":null}},"6":{"start":{"line":9,"column":2},"end":{"line":9,"column":null}},"7":{"start":{"line":10,"column":2},"end":{"line":10,"column":null}},"8":{"start":{"line":11,"column":2},"end":{"line":11,"column":null}},"9":{"start":{"line":12,"column":2},"end":{"line":12,"column":null}},"10":{"start":{"line":13,"column":2},"end":{"line":13,"column":null}},"11":{"start":{"line":14,"column":2},"end":{"line":14,"column":null}},"12":{"start":{"line":15,"column":2},"end":{"line":15,"column":null}},"13":{"start":{"line":16,"column":2},"end":{"line":16,"column":null}},"14":{"start":{"line":17,"column":2},"end":{"line":17,"column":null}},"15":{"start":{"line":18,"column":2},"end":{"line":18,"column":null}},"16":{"start":{"line":19,"column":2},"end":{"line":19,"column":null}},"17":{"start":{"line":20,"column":2},"end":{"line":20,"column":null}},"18":{"start":{"line":21,"column":2},"end":{"line":21,"column":null}},"19":{"start":{"line":22,"column":2},"end":{"line":22,"column":null}},"20":{"start":{"line":23,"column":2},"end":{"line":23,"column":null}},"21":{"start":{"line":24,"column":2},"end":{"line":24,"column":null}}},"fnMap":{"0":{"name":"(anonymous_0)","decl":{"start":{"line":3,"column":0},"end":{"line":3,"column":12}},"loc":{"start":{"line":3,"column":22},"end":{"line":25,"column":1}}}},"branchMap":{"0":{"loc":{"start":{"line":3,"column":12},"end":{"line":3,"column":22}},"type":"binary-expr","locations":[{"start":{"line":3,"column":12},"end":{"line":3,"column":22}},{"start":{"line":3,"column":12},"end":{"line":3,"column":null}}]}},"s":{"0":3,"1":3,"2":3,"3":3,"4":3,"5":3,"6":3,"7":3,"8":3,"9":3,"10":3,"11":3,"12":3,"13":3,"14":3,"15":3,"16":3,"17":3,"18":3,"19":3,"20":3,"21":3},"f":{"0":3},"b":{"0":[3,3]}}
,"/home/paulendri/Projects/erbs/packages/sdk/src/constants/Items.ts": {"path":"/home/paulendri/Projects/erbs/packages/sdk/src/constants/Items.ts","statementMap":{"0":{"start":{"line":3,"column":0},"end":{"line":3,"column":null}},"1":{"start":{"line":4,"column":2},"end":{"line":4,"column":null}},"2":{"start":{"line":5,"column":2},"end":{"line":5,"column":null}},"3":{"start":{"line":6,"column":2},"end":{"line":6,"column":null}},"4":{"start":{"line":7,"column":2},"end":{"line":7,"column":null}},"5":{"start":{"line":8,"column":2},"end":{"line":8,"column":null}},"6":{"start":{"line":9,"column":2},"end":{"line":9,"column":null}},"7":{"start":{"line":10,"column":2},"end":{"line":10,"column":null}},"8":{"start":{"line":11,"column":2},"end":{"line":11,"column":null}},"9":{"start":{"line":12,"column":2},"end":{"line":12,"column":null}},"10":{"start":{"line":15,"column":0},"end":{"line":15,"column":null}},"11":{"start":{"line":16,"column":2},"end":{"line":16,"column":null}},"12":{"start":{"line":17,"column":2},"end":{"line":17,"column":null}},"13":{"start":{"line":18,"column":2},"end":{"line":18,"column":null}},"14":{"start":{"line":19,"column":2},"end":{"line":19,"column":null}},"15":{"start":{"line":20,"column":2},"end":{"line":20,"column":null}},"16":{"start":{"line":21,"column":2},"end":{"line":21,"column":null}},"17":{"start":{"line":22,"column":2},"end":{"line":22,"column":null}},"18":{"start":{"line":23,"column":2},"end":{"line":23,"column":null}},"19":{"start":{"line":24,"column":2},"end":{"line":24,"column":null}},"20":{"start":{"line":25,"column":2},"end":{"line":25,"column":null}},"21":{"start":{"line":26,"column":2},"end":{"line":26,"column":null}},"22":{"start":{"line":27,"column":2},"end":{"line":27,"column":null}},"23":{"start":{"line":28,"column":2},"end":{"line":28,"column":null}},"24":{"start":{"line":29,"column":2},"end":{"line":29,"column":null}},"25":{"start":{"line":30,"column":2},"end":{"line":30,"column":null}},"26":{"start":{"line":33,"column":0},"end":{"line":33,"column":null}},"27":{"start":{"line":34,"column":2},"end":{"line":34,"column":null}},"28":{"start":{"line":35,"column":2},"end":{"line":35,"column":null}},"29":{"start":{"line":36,"column":2},"end":{"line":36,"column":null}},"30":{"start":{"line":37,"column":2},"end":{"line":37,"column":null}},"31":{"start":{"line":38,"column":2},"end":{"line":38,"column":null}},"32":{"start":{"line":39,"column":2},"end":{"line":39,"column":null}},"33":{"start":{"line":42,"column":0},"end":{"line":42,"column":null}},"34":{"start":{"line":43,"column":2},"end":{"line":43,"column":null}},"35":{"start":{"line":44,"column":2},"end":{"line":44,"column":null}},"36":{"start":{"line":45,"column":2},"end":{"line":45,"column":null}},"37":{"start":{"line":46,"column":2},"end":{"line":46,"column":null}},"38":{"start":{"line":47,"column":2},"end":{"line":47,"column":null}},"39":{"start":{"line":48,"column":2},"end":{"line":48,"column":null}},"40":{"start":{"line":49,"column":2},"end":{"line":49,"column":null}},"41":{"start":{"line":50,"column":2},"end":{"line":50,"column":null}},"42":{"start":{"line":51,"column":2},"end":{"line":51,"column":null}},"43":{"start":{"line":54,"column":0},"end":{"line":54,"column":null}},"44":{"start":{"line":55,"column":2},"end":{"line":55,"column":null}},"45":{"start":{"line":56,"column":2},"end":{"line":56,"column":null}},"46":{"start":{"line":57,"column":2},"end":{"line":57,"column":null}},"47":{"start":{"line":58,"column":2},"end":{"line":58,"column":null}},"48":{"start":{"line":59,"column":2},"end":{"line":59,"column":null}},"49":{"start":{"line":60,"column":2},"end":{"line":60,"column":null}},"50":{"start":{"line":61,"column":2},"end":{"line":61,"column":null}},"51":{"start":{"line":62,"column":2},"end":{"line":62,"column":null}},"52":{"start":{"line":63,"column":2},"end":{"line":63,"column":null}},"53":{"start":{"line":64,"column":2},"end":{"line":64,"column":null}},"54":{"start":{"line":65,"column":2},"end":{"line":65,"column":null}},"55":{"start":{"line":66,"column":2},"end":{"line":66,"column":null}},"56":{"start":{"line":69,"column":0},"end":{"line":69,"column":null}},"57":{"start":{"line":70,"column":2},"end":{"line":70,"column":null}},"58":{"start":{"line":71,"column":2},"end":{"line":71,"column":null}},"59":{"start":{"line":72,"column":2},"end":{"line":72,"column":null}},"60":{"start":{"line":73,"column":2},"end":{"line":73,"column":null}},"61":{"start":{"line":74,"column":2},"end":{"line":74,"column":null}},"62":{"start":{"line":75,"column":2},"end":{"line":75,"column":null}},"63":{"start":{"line":76,"column":2},"end":{"line":76,"column":null}},"64":{"start":{"line":77,"column":2},"end":{"line":77,"column":null}},"65":{"start":{"line":78,"column":2},"end":{"line":78,"column":null}},"66":{"start":{"line":79,"column":2},"end":{"line":79,"column":null}},"67":{"start":{"line":80,"column":2},"end":{"line":80,"column":null}},"68":{"start":{"line":81,"column":2},"end":{"line":81,"column":null}},"69":{"start":{"line":82,"column":2},"end":{"line":82,"column":null}},"70":{"start":{"line":83,"column":2},"end":{"line":83,"column":null}},"71":{"start":{"line":86,"column":0},"end":{"line":86,"column":null}},"72":{"start":{"line":87,"column":2},"end":{"line":87,"column":null}},"73":{"start":{"line":88,"column":2},"end":{"line":88,"column":null}},"74":{"start":{"line":89,"column":2},"end":{"line":89,"column":null}},"75":{"start":{"line":90,"column":2},"end":{"line":90,"column":null}},"76":{"start":{"line":91,"column":2},"end":{"line":91,"column":null}},"77":{"start":{"line":92,"column":2},"end":{"line":92,"column":null}},"78":{"start":{"line":93,"column":2},"end":{"line":93,"column":null}},"79":{"start":{"line":94,"column":2},"end":{"line":94,"column":null}},"80":{"start":{"line":95,"column":2},"end":{"line":95,"column":null}},"81":{"start":{"line":96,"column":2},"end":{"line":96,"column":null}},"82":{"start":{"line":99,"column":0},"end":{"line":99,"column":null}},"83":{"start":{"line":100,"column":2},"end":{"line":100,"column":null}},"84":{"start":{"line":101,"column":2},"end":{"line":101,"column":null}},"85":{"start":{"line":102,"column":2},"end":{"line":102,"column":null}},"86":{"start":{"line":103,"column":2},"end":{"line":103,"column":null}},"87":{"start":{"line":104,"column":2},"end":{"line":104,"column":null}},"88":{"start":{"line":105,"column":2},"end":{"line":105,"column":null}},"89":{"start":{"line":106,"column":2},"end":{"line":106,"column":null}},"90":{"start":{"line":107,"column":2},"end":{"line":107,"column":null}},"91":{"start":{"line":108,"column":2},"end":{"line":108,"column":null}},"92":{"start":{"line":111,"column":0},"end":{"line":111,"column":null}},"93":{"start":{"line":112,"column":2},"end":{"line":112,"column":null}},"94":{"start":{"line":113,"column":2},"end":{"line":113,"column":null}},"95":{"start":{"line":114,"column":2},"end":{"line":114,"column":null}},"96":{"start":{"line":115,"column":2},"end":{"line":115,"column":null}},"97":{"start":{"line":116,"column":2},"end":{"line":116,"column":null}},"98":{"start":{"line":117,"column":2},"end":{"line":117,"column":null}},"99":{"start":{"line":118,"column":2},"end":{"line":118,"column":null}},"100":{"start":{"line":119,"column":2},"end":{"line":119,"column":null}},"101":{"start":{"line":120,"column":2},"end":{"line":120,"column":null}},"102":{"start":{"line":121,"column":2},"end":{"line":121,"column":null}},"103":{"start":{"line":122,"column":2},"end":{"line":122,"column":null}},"104":{"start":{"line":123,"column":2},"end":{"line":123,"column":null}},"105":{"start":{"line":124,"column":2},"end":{"line":124,"column":null}},"106":{"start":{"line":125,"column":2},"end":{"line":125,"column":null}},"107":{"start":{"line":126,"column":2},"end":{"line":126,"column":null}},"108":{"start":{"line":127,"column":2},"end":{"line":127,"column":null}},"109":{"start":{"line":128,"column":2},"end":{"line":128,"column":null}},"110":{"start":{"line":129,"column":2},"end":{"line":129,"column":null}},"111":{"start":{"line":132,"column":0},"end":{"line":132,"column":null}},"112":{"start":{"line":133,"column":2},"end":{"line":133,"column":null}},"113":{"start":{"line":134,"column":2},"end":{"line":134,"column":null}},"114":{"start":{"line":135,"column":2},"end":{"line":135,"column":null}},"115":{"start":{"line":136,"column":2},"end":{"line":136,"column":null}},"116":{"start":{"line":137,"column":2},"end":{"line":137,"column":null}},"117":{"start":{"line":138,"column":2},"end":{"line":138,"column":null}},"118":{"start":{"line":139,"column":2},"end":{"line":139,"column":null}},"119":{"start":{"line":142,"column":0},"end":{"line":142,"column":null}},"120":{"start":{"line":143,"column":2},"end":{"line":143,"column":null}},"121":{"start":{"line":144,"column":2},"end":{"line":144,"column":null}},"122":{"start":{"line":145,"column":2},"end":{"line":145,"column":null}},"123":{"start":{"line":146,"column":2},"end":{"line":146,"column":null}},"124":{"start":{"line":147,"column":2},"end":{"line":147,"column":null}},"125":{"start":{"line":148,"column":2},"end":{"line":148,"column":null}},"126":{"start":{"line":149,"column":2},"end":{"line":149,"column":null}},"127":{"start":{"line":150,"column":2},"end":{"line":150,"column":null}},"128":{"start":{"line":151,"column":2},"end":{"line":151,"column":null}},"129":{"start":{"line":152,"column":2},"end":{"line":152,"column":null}},"130":{"start":{"line":153,"column":2},"end":{"line":153,"column":null}},"131":{"start":{"line":154,"column":2},"end":{"line":154,"column":null}},"132":{"start":{"line":155,"column":2},"end":{"line":155,"column":null}},"133":{"start":{"line":156,"column":2},"end":{"line":156,"column":null}},"134":{"start":{"line":157,"column":2},"end":{"line":157,"column":null}},"135":{"start":{"line":158,"column":2},"end":{"line":158,"column":null}},"136":{"start":{"line":161,"column":0},"end":{"line":161,"column":null}},"137":{"start":{"line":162,"column":2},"end":{"line":162,"column":null}},"138":{"start":{"line":163,"column":2},"end":{"line":163,"column":null}},"139":{"start":{"line":164,"column":2},"end":{"line":164,"column":null}},"140":{"start":{"line":165,"column":2},"end":{"line":165,"column":null}},"141":{"start":{"line":166,"column":2},"end":{"line":166,"column":null}},"142":{"start":{"line":167,"column":2},"end":{"line":167,"column":null}},"143":{"start":{"line":168,"column":2},"end":{"line":168,"column":null}},"144":{"start":{"line":169,"column":2},"end":{"line":169,"column":null}},"145":{"start":{"line":170,"column":2},"end":{"line":170,"column":null}},"146":{"start":{"line":171,"column":2},"end":{"line":171,"column":null}},"147":{"start":{"line":172,"column":2},"end":{"line":172,"column":null}},"148":{"start":{"line":173,"column":2},"end":{"line":173,"column":null}},"149":{"start":{"line":174,"column":2},"end":{"line":174,"column":null}},"150":{"start":{"line":175,"column":2},"end":{"line":175,"column":null}},"151":{"start":{"line":176,"column":2},"end":{"line":176,"column":null}},"152":{"start":{"line":177,"column":2},"end":{"line":177,"column":null}},"153":{"start":{"line":178,"column":2},"end":{"line":178,"column":null}},"154":{"start":{"line":179,"column":2},"end":{"line":179,"column":null}},"155":{"start":{"line":180,"column":2},"end":{"line":180,"column":null}},"156":{"start":{"line":181,"column":2},"end":{"line":181,"column":null}},"157":{"start":{"line":182,"column":2},"end":{"line":182,"column":null}},"158":{"start":{"line":183,"column":2},"end":{"line":183,"column":null}},"159":{"start":{"line":184,"column":2},"end":{"line":184,"column":null}},"160":{"start":{"line":185,"column":2},"end":{"line":185,"column":null}},"161":{"start":{"line":188,"column":0},"end":{"line":188,"column":null}},"162":{"start":{"line":189,"column":2},"end":{"line":189,"column":null}},"163":{"start":{"line":190,"column":2},"end":{"line":190,"column":null}},"164":{"start":{"line":191,"column":2},"end":{"line":191,"column":null}},"165":{"start":{"line":192,"column":2},"end":{"line":192,"column":null}},"166":{"start":{"line":193,"column":2},"end":{"line":193,"column":null}},"167":{"start":{"line":194,"column":2},"end":{"line":194,"column":null}},"168":{"start":{"line":195,"column":2},"end":{"line":195,"column":null}},"169":{"start":{"line":196,"column":2},"end":{"line":196,"column":null}},"170":{"start":{"line":197,"column":2},"end":{"line":197,"column":null}},"171":{"start":{"line":198,"column":2},"end":{"line":198,"column":null}},"172":{"start":{"line":199,"column":2},"end":{"line":199,"column":null}},"173":{"start":{"line":200,"column":2},"end":{"line":200,"column":null}},"174":{"start":{"line":201,"column":2},"end":{"line":201,"column":null}},"175":{"start":{"line":202,"column":2},"end":{"line":202,"column":null}},"176":{"start":{"line":205,"column":0},"end":{"line":205,"column":null}},"177":{"start":{"line":206,"column":2},"end":{"line":206,"column":null}},"178":{"start":{"line":207,"column":2},"end":{"line":207,"column":null}},"179":{"start":{"line":208,"column":2},"end":{"line":208,"column":null}},"180":{"start":{"line":209,"column":2},"end":{"line":209,"column":null}},"181":{"start":{"line":210,"column":2},"end":{"line":210,"column":null}},"182":{"start":{"line":211,"column":2},"end":{"line":211,"column":null}},"183":{"start":{"line":212,"column":2},"end":{"line":212,"column":null}},"184":{"start":{"line":213,"column":2},"end":{"line":213,"column":null}},"185":{"start":{"line":214,"column":2},"end":{"line":214,"column":null}},"186":{"start":{"line":215,"column":2},"end":{"line":215,"column":null}},"187":{"start":{"line":216,"column":2},"end":{"line":216,"column":null}},"188":{"start":{"line":217,"column":2},"end":{"line":217,"column":null}},"189":{"start":{"line":220,"column":0},"end":{"line":220,"column":null}},"190":{"start":{"line":221,"column":2},"end":{"line":221,"column":null}},"191":{"start":{"line":222,"column":2},"end":{"line":222,"column":null}},"192":{"start":{"line":223,"column":2},"end":{"line":223,"column":null}},"193":{"start":{"line":224,"column":2},"end":{"line":224,"column":null}},"194":{"start":{"line":225,"column":2},"end":{"line":225,"column":null}},"195":{"start":{"line":226,"column":2},"end":{"line":226,"column":null}},"196":{"start":{"line":227,"column":2},"end":{"line":227,"column":null}},"197":{"start":{"line":228,"column":2},"end":{"line":228,"column":null}},"198":{"start":{"line":229,"column":2},"end":{"line":229,"column":null}},"199":{"start":{"line":230,"column":2},"end":{"line":230,"column":null}},"200":{"start":{"line":231,"column":2},"end":{"line":231,"column":null}},"201":{"start":{"line":234,"column":0},"end":{"line":234,"column":null}},"202":{"start":{"line":235,"column":2},"end":{"line":235,"column":null}},"203":{"start":{"line":236,"column":2},"end":{"line":236,"column":null}},"204":{"start":{"line":237,"column":2},"end":{"line":237,"column":null}},"205":{"start":{"line":238,"column":2},"end":{"line":238,"column":null}},"206":{"start":{"line":239,"column":2},"end":{"line":239,"column":null}},"207":{"start":{"line":240,"column":2},"end":{"line":240,"column":null}},"208":{"start":{"line":241,"column":2},"end":{"line":241,"column":null}},"209":{"start":{"line":242,"column":2},"end":{"line":242,"column":null}},"210":{"start":{"line":245,"column":0},"end":{"line":245,"column":null}},"211":{"start":{"line":246,"column":2},"end":{"line":246,"column":null}},"212":{"start":{"line":247,"column":2},"end":{"line":247,"column":null}},"213":{"start":{"line":248,"column":2},"end":{"line":248,"column":null}},"214":{"start":{"line":249,"column":2},"end":{"line":249,"column":null}},"215":{"start":{"line":250,"column":2},"end":{"line":250,"column":null}},"216":{"start":{"line":251,"column":2},"end":{"line":251,"column":null}},"217":{"start":{"line":252,"column":2},"end":{"line":252,"column":null}},"218":{"start":{"line":253,"column":2},"end":{"line":253,"column":null}},"219":{"start":{"line":254,"column":2},"end":{"line":254,"column":null}},"220":{"start":{"line":255,"column":2},"end":{"line":255,"column":null}},"221":{"start":{"line":258,"column":0},"end":{"line":258,"column":null}},"222":{"start":{"line":259,"column":2},"end":{"line":259,"column":null}},"223":{"start":{"line":260,"column":2},"end":{"line":260,"column":null}},"224":{"start":{"line":261,"column":2},"end":{"line":261,"column":null}},"225":{"start":{"line":262,"column":2},"end":{"line":262,"column":null}},"226":{"start":{"line":263,"column":2},"end":{"line":263,"column":null}},"227":{"start":{"line":264,"column":2},"end":{"line":264,"column":null}},"228":{"start":{"line":267,"column":0},"end":{"line":267,"column":null}},"229":{"start":{"line":268,"column":2},"end":{"line":268,"column":null}},"230":{"start":{"line":269,"column":2},"end":{"line":269,"column":null}},"231":{"start":{"line":270,"column":2},"end":{"line":270,"column":null}},"232":{"start":{"line":271,"column":2},"end":{"line":271,"column":null}},"233":{"start":{"line":272,"column":2},"end":{"line":272,"column":null}},"234":{"start":{"line":273,"column":2},"end":{"line":273,"column":null}},"235":{"start":{"line":274,"column":2},"end":{"line":274,"column":null}},"236":{"start":{"line":275,"column":2},"end":{"line":275,"column":null}},"237":{"start":{"line":276,"column":2},"end":{"line":276,"column":null}},"238":{"start":{"line":279,"column":0},"end":{"line":279,"column":null}},"239":{"start":{"line":280,"column":2},"end":{"line":280,"column":null}},"240":{"start":{"line":281,"column":2},"end":{"line":281,"column":null}},"241":{"start":{"line":282,"column":2},"end":{"line":282,"column":null}},"242":{"start":{"line":283,"column":2},"end":{"line":283,"column":null}},"243":{"start":{"line":284,"column":2},"end":{"line":284,"column":null}},"244":{"start":{"line":285,"column":2},"end":{"line":285,"column":null}},"245":{"start":{"line":286,"column":2},"end":{"line":286,"column":null}},"246":{"start":{"line":287,"column":2},"end":{"line":287,"column":null}},"247":{"start":{"line":288,"column":2},"end":{"line":288,"column":null}},"248":{"start":{"line":289,"column":2},"end":{"line":289,"column":null}},"249":{"start":{"line":290,"column":2},"end":{"line":290,"column":null}},"250":{"start":{"line":291,"column":2},"end":{"line":291,"column":null}},"251":{"start":{"line":292,"column":2},"end":{"line":292,"column":null}},"252":{"start":{"line":293,"column":2},"end":{"line":293,"column":null}},"253":{"start":{"line":294,"column":2},"end":{"line":294,"column":null}},"254":{"start":{"line":295,"column":2},"end":{"line":295,"column":null}},"255":{"start":{"line":298,"column":0},"end":{"line":298,"column":null}},"256":{"start":{"line":299,"column":2},"end":{"line":299,"column":null}},"257":{"start":{"line":300,"column":2},"end":{"line":300,"column":null}},"258":{"start":{"line":301,"column":2},"end":{"line":301,"column":null}},"259":{"start":{"line":302,"column":2},"end":{"line":302,"column":null}},"260":{"start":{"line":303,"column":2},"end":{"line":303,"column":null}},"261":{"start":{"line":304,"column":2},"end":{"line":304,"column":null}},"262":{"start":{"line":305,"column":2},"end":{"line":305,"column":null}},"263":{"start":{"line":306,"column":2},"end":{"line":306,"column":null}},"264":{"start":{"line":307,"column":2},"end":{"line":307,"column":null}},"265":{"start":{"line":308,"column":2},"end":{"line":308,"column":null}},"266":{"start":{"line":309,"column":2},"end":{"line":309,"column":null}},"267":{"start":{"line":310,"column":2},"end":{"line":310,"column":null}},"268":{"start":{"line":311,"column":2},"end":{"line":311,"column":null}},"269":{"start":{"line":312,"column":2},"end":{"line":312,"column":null}},"270":{"start":{"line":313,"column":2},"end":{"line":313,"column":null}},"271":{"start":{"line":314,"column":2},"end":{"line":314,"column":null}},"272":{"start":{"line":315,"column":2},"end":{"line":315,"column":null}},"273":{"start":{"line":316,"column":2},"end":{"line":316,"column":null}},"274":{"start":{"line":317,"column":2},"end":{"line":317,"column":null}},"275":{"start":{"line":318,"column":2},"end":{"line":318,"column":null}},"276":{"start":{"line":319,"column":2},"end":{"line":319,"column":null}},"277":{"start":{"line":320,"column":2},"end":{"line":320,"column":null}},"278":{"start":{"line":323,"column":0},"end":{"line":323,"column":null}},"279":{"start":{"line":324,"column":2},"end":{"line":324,"column":null}},"280":{"start":{"line":325,"column":2},"end":{"line":325,"column":null}},"281":{"start":{"line":326,"column":2},"end":{"line":326,"column":null}},"282":{"start":{"line":327,"column":2},"end":{"line":327,"column":null}},"283":{"start":{"line":328,"column":2},"end":{"line":328,"column":null}},"284":{"start":{"line":329,"column":2},"end":{"line":329,"column":null}},"285":{"start":{"line":330,"column":2},"end":{"line":330,"column":null}},"286":{"start":{"line":331,"column":2},"end":{"line":331,"column":null}},"287":{"start":{"line":332,"column":2},"end":{"line":332,"column":null}},"288":{"start":{"line":333,"column":2},"end":{"line":333,"column":null}},"289":{"start":{"line":334,"column":2},"end":{"line":334,"column":null}},"290":{"start":{"line":335,"column":2},"end":{"line":335,"column":null}},"291":{"start":{"line":336,"column":2},"end":{"line":336,"column":null}},"292":{"start":{"line":337,"column":2},"end":{"line":337,"column":null}},"293":{"start":{"line":338,"column":2},"end":{"line":338,"column":null}},"294":{"start":{"line":339,"column":2},"end":{"line":339,"column":null}},"295":{"start":{"line":340,"column":2},"end":{"line":340,"column":null}},"296":{"start":{"line":341,"column":2},"end":{"line":341,"column":null}},"297":{"start":{"line":342,"column":2},"end":{"line":342,"column":null}},"298":{"start":{"line":343,"column":2},"end":{"line":343,"column":null}},"299":{"start":{"line":344,"column":2},"end":{"line":344,"column":null}},"300":{"start":{"line":345,"column":2},"end":{"line":345,"column":null}},"301":{"start":{"line":346,"column":2},"end":{"line":346,"column":null}},"302":{"start":{"line":347,"column":2},"end":{"line":347,"column":null}},"303":{"start":{"line":348,"column":2},"end":{"line":348,"column":null}},"304":{"start":{"line":349,"column":2},"end":{"line":349,"column":null}},"305":{"start":{"line":350,"column":2},"end":{"line":350,"column":null}},"306":{"start":{"line":351,"column":2},"end":{"line":351,"column":null}},"307":{"start":{"line":352,"column":2},"end":{"line":352,"column":null}},"308":{"start":{"line":353,"column":2},"end":{"line":353,"column":null}},"309":{"start":{"line":354,"column":2},"end":{"line":354,"column":null}},"310":{"start":{"line":355,"column":2},"end":{"line":355,"column":null}},"311":{"start":{"line":356,"column":2},"end":{"line":356,"column":null}},"312":{"start":{"line":357,"column":2},"end":{"line":357,"column":null}},"313":{"start":{"line":360,"column":0},"end":{"line":360,"column":null}},"314":{"start":{"line":361,"column":2},"end":{"line":361,"column":null}},"315":{"start":{"line":362,"column":2},"end":{"line":362,"column":null}},"316":{"start":{"line":363,"column":2},"end":{"line":363,"column":null}},"317":{"start":{"line":364,"column":2},"end":{"line":364,"column":null}},"318":{"start":{"line":365,"column":2},"end":{"line":365,"column":null}},"319":{"start":{"line":366,"column":2},"end":{"line":366,"column":null}},"320":{"start":{"line":367,"column":2},"end":{"line":367,"column":null}},"321":{"start":{"line":368,"column":2},"end":{"line":368,"column":null}},"322":{"start":{"line":369,"column":2},"end":{"line":369,"column":null}},"323":{"start":{"line":370,"column":2},"end":{"line":370,"column":null}},"324":{"start":{"line":371,"column":2},"end":{"line":371,"column":null}},"325":{"start":{"line":372,"column":2},"end":{"line":372,"column":null}},"326":{"start":{"line":373,"column":2},"end":{"line":373,"column":null}},"327":{"start":{"line":374,"column":2},"end":{"line":374,"column":null}},"328":{"start":{"line":375,"column":2},"end":{"line":375,"column":null}},"329":{"start":{"line":376,"column":2},"end":{"line":376,"column":null}},"330":{"start":{"line":377,"column":2},"end":{"line":377,"column":null}},"331":{"start":{"line":378,"column":2},"end":{"line":378,"column":null}},"332":{"start":{"line":379,"column":2},"end":{"line":379,"column":null}},"333":{"start":{"line":380,"column":2},"end":{"line":380,"column":null}},"334":{"start":{"line":381,"column":2},"end":{"line":381,"column":null}},"335":{"start":{"line":384,"column":0},"end":{"line":384,"column":null}},"336":{"start":{"line":385,"column":2},"end":{"line":385,"column":null}},"337":{"start":{"line":386,"column":2},"end":{"line":386,"column":null}},"338":{"start":{"line":387,"column":2},"end":{"line":387,"column":null}},"339":{"start":{"line":388,"column":2},"end":{"line":388,"column":null}},"340":{"start":{"line":389,"column":2},"end":{"line":389,"column":null}},"341":{"start":{"line":390,"column":2},"end":{"line":390,"column":null}},"342":{"start":{"line":391,"column":2},"end":{"line":391,"column":null}},"343":{"start":{"line":392,"column":2},"end":{"line":392,"column":null}},"344":{"start":{"line":393,"column":2},"end":{"line":393,"column":null}},"345":{"start":{"line":394,"column":2},"end":{"line":394,"column":null}},"346":{"start":{"line":395,"column":2},"end":{"line":395,"column":null}},"347":{"start":{"line":396,"column":2},"end":{"line":396,"column":null}},"348":{"start":{"line":397,"column":2},"end":{"line":397,"column":null}},"349":{"start":{"line":398,"column":2},"end":{"line":398,"column":null}},"350":{"start":{"line":399,"column":2},"end":{"line":399,"column":null}},"351":{"start":{"line":400,"column":2},"end":{"line":400,"column":null}},"352":{"start":{"line":401,"column":2},"end":{"line":401,"column":null}},"353":{"start":{"line":402,"column":2},"end":{"line":402,"column":null}},"354":{"start":{"line":403,"column":2},"end":{"line":403,"column":null}},"355":{"start":{"line":404,"column":2},"end":{"line":404,"column":null}},"356":{"start":{"line":405,"column":2},"end":{"line":405,"column":null}},"357":{"start":{"line":406,"column":2},"end":{"line":406,"column":null}},"358":{"start":{"line":409,"column":0},"end":{"line":409,"column":null}},"359":{"start":{"line":410,"column":2},"end":{"line":410,"column":null}},"360":{"start":{"line":411,"column":2},"end":{"line":411,"column":null}},"361":{"start":{"line":412,"column":2},"end":{"line":412,"column":null}},"362":{"start":{"line":413,"column":2},"end":{"line":413,"column":null}},"363":{"start":{"line":414,"column":2},"end":{"line":414,"column":null}},"364":{"start":{"line":415,"column":2},"end":{"line":415,"column":null}},"365":{"start":{"line":416,"column":2},"end":{"line":416,"column":null}},"366":{"start":{"line":417,"column":2},"end":{"line":417,"column":null}},"367":{"start":{"line":418,"column":2},"end":{"line":418,"column":null}},"368":{"start":{"line":419,"column":2},"end":{"line":419,"column":null}},"369":{"start":{"line":420,"column":2},"end":{"line":420,"column":null}},"370":{"start":{"line":421,"column":2},"end":{"line":421,"column":null}},"371":{"start":{"line":422,"column":2},"end":{"line":422,"column":null}},"372":{"start":{"line":423,"column":2},"end":{"line":423,"column":null}},"373":{"start":{"line":424,"column":2},"end":{"line":424,"column":null}},"374":{"start":{"line":425,"column":2},"end":{"line":425,"column":null}},"375":{"start":{"line":426,"column":2},"end":{"line":426,"column":null}},"376":{"start":{"line":427,"column":2},"end":{"line":427,"column":null}},"377":{"start":{"line":428,"column":2},"end":{"line":428,"column":null}},"378":{"start":{"line":429,"column":2},"end":{"line":429,"column":null}},"379":{"start":{"line":430,"column":2},"end":{"line":430,"column":null}},"380":{"start":{"line":431,"column":2},"end":{"line":431,"column":null}},"381":{"start":{"line":432,"column":2},"end":{"line":432,"column":null}},"382":{"start":{"line":433,"column":2},"end":{"line":433,"column":null}},"383":{"start":{"line":434,"column":2},"end":{"line":434,"column":null}},"384":{"start":{"line":435,"column":2},"end":{"line":435,"column":null}},"385":{"start":{"line":436,"column":2},"end":{"line":436,"column":null}},"386":{"start":{"line":437,"column":2},"end":{"line":437,"column":null}},"387":{"start":{"line":438,"column":2},"end":{"line":438,"column":null}},"388":{"start":{"line":439,"column":2},"end":{"line":439,"column":null}},"389":{"start":{"line":440,"column":2},"end":{"line":440,"column":null}},"390":{"start":{"line":443,"column":0},"end":{"line":443,"column":null}},"391":{"start":{"line":444,"column":2},"end":{"line":444,"column":null}},"392":{"start":{"line":445,"column":2},"end":{"line":445,"column":null}},"393":{"start":{"line":446,"column":2},"end":{"line":446,"column":null}},"394":{"start":{"line":447,"column":2},"end":{"line":447,"column":null}},"395":{"start":{"line":448,"column":2},"end":{"line":448,"column":null}},"396":{"start":{"line":449,"column":2},"end":{"line":449,"column":null}},"397":{"start":{"line":450,"column":2},"end":{"line":450,"column":null}},"398":{"start":{"line":451,"column":2},"end":{"line":451,"column":null}},"399":{"start":{"line":452,"column":2},"end":{"line":452,"column":null}},"400":{"start":{"line":453,"column":2},"end":{"line":453,"column":null}},"401":{"start":{"line":454,"column":2},"end":{"line":454,"column":null}},"402":{"start":{"line":455,"column":2},"end":{"line":455,"column":null}},"403":{"start":{"line":456,"column":2},"end":{"line":456,"column":null}},"404":{"start":{"line":457,"column":2},"end":{"line":457,"column":null}},"405":{"start":{"line":458,"column":2},"end":{"line":458,"column":null}},"406":{"start":{"line":459,"column":2},"end":{"line":459,"column":null}},"407":{"start":{"line":460,"column":2},"end":{"line":460,"column":null}},"408":{"start":{"line":461,"column":2},"end":{"line":461,"column":null}},"409":{"start":{"line":462,"column":2},"end":{"line":462,"column":null}},"410":{"start":{"line":463,"column":2},"end":{"line":463,"column":null}},"411":{"start":{"line":464,"column":2},"end":{"line":464,"column":null}},"412":{"start":{"line":465,"column":2},"end":{"line":465,"column":null}},"413":{"start":{"line":466,"column":2},"end":{"line":466,"column":null}},"414":{"start":{"line":467,"column":2},"end":{"line":467,"column":null}},"415":{"start":{"line":468,"column":2},"end":{"line":468,"column":null}},"416":{"start":{"line":469,"column":2},"end":{"line":469,"column":null}},"417":{"start":{"line":470,"column":2},"end":{"line":470,"column":null}},"418":{"start":{"line":471,"column":2},"end":{"line":471,"column":null}},"419":{"start":{"line":472,"column":2},"end":{"line":472,"column":null}},"420":{"start":{"line":473,"column":2},"end":{"line":473,"column":null}},"421":{"start":{"line":474,"column":2},"end":{"line":474,"column":null}},"422":{"start":{"line":475,"column":2},"end":{"line":475,"column":null}},"423":{"start":{"line":476,"column":2},"end":{"line":476,"column":null}},"424":{"start":{"line":477,"column":2},"end":{"line":477,"column":null}},"425":{"start":{"line":480,"column":0},"end":{"line":480,"column":null}},"426":{"start":{"line":481,"column":2},"end":{"line":481,"column":null}},"427":{"start":{"line":482,"column":2},"end":{"line":482,"column":null}},"428":{"start":{"line":483,"column":2},"end":{"line":483,"column":null}},"429":{"start":{"line":484,"column":2},"end":{"line":484,"column":null}},"430":{"start":{"line":485,"column":2},"end":{"line":485,"column":null}},"431":{"start":{"line":486,"column":2},"end":{"line":486,"column":null}},"432":{"start":{"line":487,"column":2},"end":{"line":487,"column":null}},"433":{"start":{"line":488,"column":2},"end":{"line":488,"column":null}},"434":{"start":{"line":489,"column":2},"end":{"line":489,"column":null}},"435":{"start":{"line":490,"column":2},"end":{"line":490,"column":null}},"436":{"start":{"line":491,"column":2},"end":{"line":491,"column":null}},"437":{"start":{"line":492,"column":2},"end":{"line":492,"column":null}},"438":{"start":{"line":493,"column":2},"end":{"line":493,"column":null}},"439":{"start":{"line":494,"column":2},"end":{"line":494,"column":null}},"440":{"start":{"line":495,"column":2},"end":{"line":495,"column":null}},"441":{"start":{"line":496,"column":2},"end":{"line":496,"column":null}},"442":{"start":{"line":497,"column":2},"end":{"line":497,"column":null}},"443":{"start":{"line":498,"column":2},"end":{"line":498,"column":null}},"444":{"start":{"line":499,"column":2},"end":{"line":499,"column":null}},"445":{"start":{"line":500,"column":2},"end":{"line":500,"column":null}},"446":{"start":{"line":501,"column":2},"end":{"line":501,"column":null}},"447":{"start":{"line":502,"column":2},"end":{"line":502,"column":null}},"448":{"start":{"line":503,"column":2},"end":{"line":503,"column":null}},"449":{"start":{"line":504,"column":2},"end":{"line":504,"column":null}},"450":{"start":{"line":505,"column":2},"end":{"line":505,"column":null}},"451":{"start":{"line":506,"column":2},"end":{"line":506,"column":null}},"452":{"start":{"line":507,"column":2},"end":{"line":507,"column":null}},"453":{"start":{"line":508,"column":2},"end":{"line":508,"column":null}},"454":{"start":{"line":509,"column":2},"end":{"line":509,"column":null}},"455":{"start":{"line":510,"column":2},"end":{"line":510,"column":null}},"456":{"start":{"line":511,"column":2},"end":{"line":511,"column":null}},"457":{"start":{"line":512,"column":2},"end":{"line":512,"column":null}},"458":{"start":{"line":513,"column":2},"end":{"line":513,"column":null}},"459":{"start":{"line":514,"column":2},"end":{"line":514,"column":null}},"460":{"start":{"line":515,"column":2},"end":{"line":515,"column":null}},"461":{"start":{"line":516,"column":2},"end":{"line":516,"column":null}},"462":{"start":{"line":517,"column":2},"end":{"line":517,"column":null}},"463":{"start":{"line":518,"column":2},"end":{"line":518,"column":null}},"464":{"start":{"line":519,"column":2},"end":{"line":519,"column":null}},"465":{"start":{"line":520,"column":2},"end":{"line":520,"column":null}},"466":{"start":{"line":521,"column":2},"end":{"line":521,"column":null}},"467":{"start":{"line":522,"column":2},"end":{"line":522,"column":null}},"468":{"start":{"line":523,"column":2},"end":{"line":523,"column":null}},"469":{"start":{"line":526,"column":0},"end":{"line":526,"column":null}},"470":{"start":{"line":527,"column":2},"end":{"line":527,"column":null}},"471":{"start":{"line":528,"column":2},"end":{"line":528,"column":null}},"472":{"start":{"line":529,"column":2},"end":{"line":529,"column":null}},"473":{"start":{"line":530,"column":2},"end":{"line":530,"column":null}},"474":{"start":{"line":531,"column":2},"end":{"line":531,"column":null}},"475":{"start":{"line":532,"column":2},"end":{"line":532,"column":null}},"476":{"start":{"line":533,"column":2},"end":{"line":533,"column":null}},"477":{"start":{"line":534,"column":2},"end":{"line":534,"column":null}},"478":{"start":{"line":535,"column":2},"end":{"line":535,"column":null}},"479":{"start":{"line":536,"column":2},"end":{"line":536,"column":null}},"480":{"start":{"line":537,"column":2},"end":{"line":537,"column":null}},"481":{"start":{"line":538,"column":2},"end":{"line":538,"column":null}},"482":{"start":{"line":539,"column":2},"end":{"line":539,"column":null}},"483":{"start":{"line":540,"column":2},"end":{"line":540,"column":null}},"484":{"start":{"line":541,"column":2},"end":{"line":541,"column":null}},"485":{"start":{"line":542,"column":2},"end":{"line":542,"column":null}},"486":{"start":{"line":543,"column":2},"end":{"line":543,"column":null}},"487":{"start":{"line":544,"column":2},"end":{"line":544,"column":null}},"488":{"start":{"line":545,"column":2},"end":{"line":545,"column":null}},"489":{"start":{"line":546,"column":2},"end":{"line":546,"column":null}},"490":{"start":{"line":547,"column":2},"end":{"line":547,"column":null}},"491":{"start":{"line":548,"column":2},"end":{"line":548,"column":null}},"492":{"start":{"line":549,"column":2},"end":{"line":549,"column":null}},"493":{"start":{"line":550,"column":2},"end":{"line":550,"column":null}},"494":{"start":{"line":551,"column":2},"end":{"line":551,"column":null}},"495":{"start":{"line":554,"column":0},"end":{"line":554,"column":null}},"496":{"start":{"line":555,"column":2},"end":{"line":555,"column":null}},"497":{"start":{"line":556,"column":2},"end":{"line":556,"column":null}},"498":{"start":{"line":557,"column":2},"end":{"line":557,"column":null}},"499":{"start":{"line":558,"column":2},"end":{"line":558,"column":null}},"500":{"start":{"line":559,"column":2},"end":{"line":559,"column":null}},"501":{"start":{"line":560,"column":2},"end":{"line":560,"column":null}},"502":{"start":{"line":561,"column":2},"end":{"line":561,"column":null}},"503":{"start":{"line":562,"column":2},"end":{"line":562,"column":null}},"504":{"start":{"line":563,"column":2},"end":{"line":563,"column":null}},"505":{"start":{"line":564,"column":2},"end":{"line":564,"column":null}},"506":{"start":{"line":565,"column":2},"end":{"line":565,"column":null}},"507":{"start":{"line":566,"column":2},"end":{"line":566,"column":null}},"508":{"start":{"line":567,"column":2},"end":{"line":567,"column":null}},"509":{"start":{"line":568,"column":2},"end":{"line":568,"column":null}},"510":{"start":{"line":569,"column":2},"end":{"line":569,"column":null}},"511":{"start":{"line":570,"column":2},"end":{"line":570,"column":null}},"512":{"start":{"line":571,"column":2},"end":{"line":571,"column":null}},"513":{"start":{"line":572,"column":2},"end":{"line":572,"column":null}},"514":{"start":{"line":573,"column":2},"end":{"line":573,"column":null}},"515":{"start":{"line":574,"column":2},"end":{"line":574,"column":null}},"516":{"start":{"line":575,"column":2},"end":{"line":575,"column":null}},"517":{"start":{"line":576,"column":2},"end":{"line":576,"column":null}},"518":{"start":{"line":577,"column":2},"end":{"line":577,"column":null}},"519":{"start":{"line":578,"column":2},"end":{"line":578,"column":null}},"520":{"start":{"line":579,"column":2},"end":{"line":579,"column":null}},"521":{"start":{"line":580,"column":2},"end":{"line":580,"column":null}},"522":{"start":{"line":581,"column":2},"end":{"line":581,"column":null}},"523":{"start":{"line":582,"column":2},"end":{"line":582,"column":null}},"524":{"start":{"line":583,"column":2},"end":{"line":583,"column":null}},"525":{"start":{"line":584,"column":2},"end":{"line":584,"column":null}},"526":{"start":{"line":585,"column":2},"end":{"line":585,"column":null}},"527":{"start":{"line":586,"column":2},"end":{"line":586,"column":null}},"528":{"start":{"line":587,"column":2},"end":{"line":587,"column":null}},"529":{"start":{"line":588,"column":2},"end":{"line":588,"column":null}},"530":{"start":{"line":589,"column":2},"end":{"line":589,"column":null}},"531":{"start":{"line":590,"column":2},"end":{"line":590,"column":null}},"532":{"start":{"line":591,"column":2},"end":{"line":591,"column":null}},"533":{"start":{"line":592,"column":2},"end":{"line":592,"column":null}},"534":{"start":{"line":593,"column":2},"end":{"line":593,"column":null}},"535":{"start":{"line":594,"column":2},"end":{"line":594,"column":null}},"536":{"start":{"line":595,"column":2},"end":{"line":595,"column":null}},"537":{"start":{"line":596,"column":2},"end":{"line":596,"column":null}},"538":{"start":{"line":597,"column":2},"end":{"line":597,"column":null}},"539":{"start":{"line":598,"column":2},"end":{"line":598,"column":null}},"540":{"start":{"line":599,"column":2},"end":{"line":599,"column":null}},"541":{"start":{"line":600,"column":2},"end":{"line":600,"column":null}},"542":{"start":{"line":601,"column":2},"end":{"line":601,"column":null}},"543":{"start":{"line":602,"column":2},"end":{"line":602,"column":null}},"544":{"start":{"line":603,"column":2},"end":{"line":603,"column":null}},"545":{"start":{"line":604,"column":2},"end":{"line":604,"column":null}},"546":{"start":{"line":605,"column":2},"end":{"line":605,"column":null}},"547":{"start":{"line":606,"column":2},"end":{"line":606,"column":null}},"548":{"start":{"line":607,"column":2},"end":{"line":607,"column":null}},"549":{"start":{"line":608,"column":2},"end":{"line":608,"column":null}},"550":{"start":{"line":609,"column":2},"end":{"line":609,"column":null}},"551":{"start":{"line":610,"column":2},"end":{"line":610,"column":null}},"552":{"start":{"line":611,"column":2},"end":{"line":611,"column":null}},"553":{"start":{"line":612,"column":2},"end":{"line":612,"column":null}},"554":{"start":{"line":613,"column":2},"end":{"line":613,"column":null}},"555":{"start":{"line":614,"column":2},"end":{"line":614,"column":null}},"556":{"start":{"line":615,"column":2},"end":{"line":615,"column":null}},"557":{"start":{"line":616,"column":2},"end":{"line":616,"column":null}},"558":{"start":{"line":617,"column":2},"end":{"line":617,"column":null}},"559":{"start":{"line":618,"column":2},"end":{"line":618,"column":null}},"560":{"start":{"line":619,"column":2},"end":{"line":619,"column":null}},"561":{"start":{"line":620,"column":2},"end":{"line":620,"column":null}},"562":{"start":{"line":623,"column":13},"end":{"line":653,"column":2}},"563":{"start":{"line":656,"column":13},"end":{"line":686,"column":2}}},"fnMap":{"0":{"name":"(anonymous_0)","decl":{"start":{"line":3,"column":0},"end":{"line":3,"column":12}},"loc":{"start":{"line":3,"column":24},"end":{"line":13,"column":1}}},"1":{"name":"(anonymous_1)","decl":{"start":{"line":15,"column":0},"end":{"line":15,"column":12}},"loc":{"start":{"line":15,"column":24},"end":{"line":31,"column":1}}},"2":{"name":"(anonymous_2)","decl":{"start":{"line":33,"column":0},"end":{"line":33,"column":12}},"loc":{"start":{"line":33,"column":21},"end":{"line":40,"column":1}}},"3":{"name":"(anonymous_3)","decl":{"start":{"line":42,"column":0},"end":{"line":42,"column":12}},"loc":{"start":{"line":42,"column":18},"end":{"line":52,"column":1}}},"4":{"name":"(anonymous_4)","decl":{"start":{"line":54,"column":0},"end":{"line":54,"column":12}},"loc":{"start":{"line":54,"column":15},"end":{"line":67,"column":1}}},"5":{"name":"(anonymous_5)","decl":{"start":{"line":69,"column":0},"end":{"line":69,"column":12}},"loc":{"start":{"line":69,"column":17},"end":{"line":84,"column":1}}},"6":{"name":"(anonymous_6)","decl":{"start":{"line":86,"column":0},"end":{"line":86,"column":12}},"loc":{"start":{"line":86,"column":15},"end":{"line":97,"column":1}}},"7":{"name":"(anonymous_7)","decl":{"start":{"line":99,"column":0},"end":{"line":99,"column":12}},"loc":{"start":{"line":99,"column":16},"end":{"line":109,"column":1}}},"8":{"name":"(anonymous_8)","decl":{"start":{"line":111,"column":0},"end":{"line":111,"column":12}},"loc":{"start":{"line":111,"column":17},"end":{"line":130,"column":1}}},"9":{"name":"(anonymous_9)","decl":{"start":{"line":132,"column":0},"end":{"line":132,"column":12}},"loc":{"start":{"line":132,"column":17},"end":{"line":140,"column":1}}},"10":{"name":"(anonymous_10)","decl":{"start":{"line":142,"column":0},"end":{"line":142,"column":12}},"loc":{"start":{"line":142,"column":25},"end":{"line":159,"column":1}}},"11":{"name":"(anonymous_11)","decl":{"start":{"line":161,"column":0},"end":{"line":161,"column":12}},"loc":{"start":{"line":161,"column":22},"end":{"line":186,"column":1}}},"12":{"name":"(anonymous_12)","decl":{"start":{"line":188,"column":0},"end":{"line":188,"column":12}},"loc":{"start":{"line":188,"column":15},"end":{"line":203,"column":1}}},"13":{"name":"(anonymous_13)","decl":{"start":{"line":205,"column":0},"end":{"line":205,"column":12}},"loc":{"start":{"line":205,"column":20},"end":{"line":218,"column":1}}},"14":{"name":"(anonymous_14)","decl":{"start":{"line":220,"column":0},"end":{"line":220,"column":12}},"loc":{"start":{"line":220,"column":18},"end":{"line":232,"column":1}}},"15":{"name":"(anonymous_15)","decl":{"start":{"line":234,"column":0},"end":{"line":234,"column":12}},"loc":{"start":{"line":234,"column":24},"end":{"line":243,"column":1}}},"16":{"name":"(anonymous_16)","decl":{"start":{"line":245,"column":0},"end":{"line":245,"column":12}},"loc":{"start":{"line":245,"column":23},"end":{"line":256,"column":1}}},"17":{"name":"(anonymous_17)","decl":{"start":{"line":258,"column":0},"end":{"line":258,"column":12}},"loc":{"start":{"line":258,"column":20},"end":{"line":265,"column":1}}},"18":{"name":"(anonymous_18)","decl":{"start":{"line":267,"column":0},"end":{"line":267,"column":12}},"loc":{"start":{"line":267,"column":18},"end":{"line":277,"column":1}}},"19":{"name":"(anonymous_19)","decl":{"start":{"line":279,"column":0},"end":{"line":279,"column":12}},"loc":{"start":{"line":279,"column":18},"end":{"line":296,"column":1}}},"20":{"name":"(anonymous_20)","decl":{"start":{"line":298,"column":0},"end":{"line":298,"column":12}},"loc":{"start":{"line":298,"column":16},"end":{"line":321,"column":1}}},"21":{"name":"(anonymous_21)","decl":{"start":{"line":323,"column":0},"end":{"line":323,"column":12}},"loc":{"start":{"line":323,"column":17},"end":{"line":358,"column":1}}},"22":{"name":"(anonymous_22)","decl":{"start":{"line":360,"column":0},"end":{"line":360,"column":12}},"loc":{"start":{"line":360,"column":15},"end":{"line":382,"column":1}}},"23":{"name":"(anonymous_23)","decl":{"start":{"line":384,"column":0},"end":{"line":384,"column":12}},"loc":{"start":{"line":384,"column":15},"end":{"line":407,"column":1}}},"24":{"name":"(anonymous_24)","decl":{"start":{"line":409,"column":0},"end":{"line":409,"column":12}},"loc":{"start":{"line":409,"column":19},"end":{"line":441,"column":1}}},"25":{"name":"(anonymous_25)","decl":{"start":{"line":443,"column":0},"end":{"line":443,"column":12}},"loc":{"start":{"line":443,"column":20},"end":{"line":478,"column":1}}},"26":{"name":"(anonymous_26)","decl":{"start":{"line":480,"column":0},"end":{"line":480,"column":12}},"loc":{"start":{"line":480,"column":20},"end":{"line":524,"column":1}}},"27":{"name":"(anonymous_27)","decl":{"start":{"line":526,"column":0},"end":{"line":526,"column":12}},"loc":{"start":{"line":526,"column":18},"end":{"line":552,"column":1}}},"28":{"name":"(anonymous_28)","decl":{"start":{"line":554,"column":0},"end":{"line":554,"column":12}},"loc":{"start":{"line":554,"column":16},"end":{"line":621,"column":1}}}},"branchMap":{"0":{"loc":{"start":{"line":3,"column":12},"end":{"line":3,"column":24}},"type":"binary-expr","locations":[{"start":{"line":3,"column":12},"end":{"line":3,"column":24}},{"start":{"line":3,"column":12},"end":{"line":3,"column":null}}]},"1":{"loc":{"start":{"line":15,"column":12},"end":{"line":15,"column":24}},"type":"binary-expr","locations":[{"start":{"line":15,"column":12},"end":{"line":15,"column":24}},{"start":{"line":15,"column":12},"end":{"line":15,"column":null}}]},"2":{"loc":{"start":{"line":33,"column":12},"end":{"line":33,"column":21}},"type":"binary-expr","locations":[{"start":{"line":33,"column":12},"end":{"line":33,"column":21}},{"start":{"line":33,"column":12},"end":{"line":33,"column":null}}]},"3":{"loc":{"start":{"line":42,"column":12},"end":{"line":42,"column":18}},"type":"binary-expr","locations":[{"start":{"line":42,"column":12},"end":{"line":42,"column":18}},{"start":{"line":42,"column":12},"end":{"line":42,"column":null}}]},"4":{"loc":{"start":{"line":54,"column":12},"end":{"line":54,"column":15}},"type":"binary-expr","locations":[{"start":{"line":54,"column":12},"end":{"line":54,"column":15}},{"start":{"line":54,"column":12},"end":{"line":54,"column":null}}]},"5":{"loc":{"start":{"line":69,"column":12},"end":{"line":69,"column":17}},"type":"binary-expr","locations":[{"start":{"line":69,"column":12},"end":{"line":69,"column":17}},{"start":{"line":69,"column":12},"end":{"line":69,"column":null}}]},"6":{"loc":{"start":{"line":86,"column":12},"end":{"line":86,"column":15}},"type":"binary-expr","locations":[{"start":{"line":86,"column":12},"end":{"line":86,"column":15}},{"start":{"line":86,"column":12},"end":{"line":86,"column":null}}]},"7":{"loc":{"start":{"line":99,"column":12},"end":{"line":99,"column":16}},"type":"binary-expr","locations":[{"start":{"line":99,"column":12},"end":{"line":99,"column":16}},{"start":{"line":99,"column":12},"end":{"line":99,"column":null}}]},"8":{"loc":{"start":{"line":111,"column":12},"end":{"line":111,"column":17}},"type":"binary-expr","locations":[{"start":{"line":111,"column":12},"end":{"line":111,"column":17}},{"start":{"line":111,"column":12},"end":{"line":111,"column":null}}]},"9":{"loc":{"start":{"line":132,"column":12},"end":{"line":132,"column":17}},"type":"binary-expr","locations":[{"start":{"line":132,"column":12},"end":{"line":132,"column":17}},{"start":{"line":132,"column":12},"end":{"line":132,"column":null}}]},"10":{"loc":{"start":{"line":142,"column":12},"end":{"line":142,"column":25}},"type":"binary-expr","locations":[{"start":{"line":142,"column":12},"end":{"line":142,"column":25}},{"start":{"line":142,"column":12},"end":{"line":142,"column":null}}]},"11":{"loc":{"start":{"line":161,"column":12},"end":{"line":161,"column":22}},"type":"binary-expr","locations":[{"start":{"line":161,"column":12},"end":{"line":161,"column":22}},{"start":{"line":161,"column":12},"end":{"line":161,"column":null}}]},"12":{"loc":{"start":{"line":188,"column":12},"end":{"line":188,"column":15}},"type":"binary-expr","locations":[{"start":{"line":188,"column":12},"end":{"line":188,"column":15}},{"start":{"line":188,"column":12},"end":{"line":188,"column":null}}]},"13":{"loc":{"start":{"line":205,"column":12},"end":{"line":205,"column":20}},"type":"binary-expr","locations":[{"start":{"line":205,"column":12},"end":{"line":205,"column":20}},{"start":{"line":205,"column":12},"end":{"line":205,"column":null}}]},"14":{"loc":{"start":{"line":220,"column":12},"end":{"line":220,"column":18}},"type":"binary-expr","locations":[{"start":{"line":220,"column":12},"end":{"line":220,"column":18}},{"start":{"line":220,"column":12},"end":{"line":220,"column":null}}]},"15":{"loc":{"start":{"line":234,"column":12},"end":{"line":234,"column":24}},"type":"binary-expr","locations":[{"start":{"line":234,"column":12},"end":{"line":234,"column":24}},{"start":{"line":234,"column":12},"end":{"line":234,"column":null}}]},"16":{"loc":{"start":{"line":245,"column":12},"end":{"line":245,"column":23}},"type":"binary-expr","locations":[{"start":{"line":245,"column":12},"end":{"line":245,"column":23}},{"start":{"line":245,"column":12},"end":{"line":245,"column":null}}]},"17":{"loc":{"start":{"line":258,"column":12},"end":{"line":258,"column":20}},"type":"binary-expr","locations":[{"start":{"line":258,"column":12},"end":{"line":258,"column":20}},{"start":{"line":258,"column":12},"end":{"line":258,"column":null}}]},"18":{"loc":{"start":{"line":267,"column":12},"end":{"line":267,"column":18}},"type":"binary-expr","locations":[{"start":{"line":267,"column":12},"end":{"line":267,"column":18}},{"start":{"line":267,"column":12},"end":{"line":267,"column":null}}]},"19":{"loc":{"start":{"line":279,"column":12},"end":{"line":279,"column":18}},"type":"binary-expr","locations":[{"start":{"line":279,"column":12},"end":{"line":279,"column":18}},{"start":{"line":279,"column":12},"end":{"line":279,"column":null}}]},"20":{"loc":{"start":{"line":298,"column":12},"end":{"line":298,"column":16}},"type":"binary-expr","locations":[{"start":{"line":298,"column":12},"end":{"line":298,"column":16}},{"start":{"line":298,"column":12},"end":{"line":298,"column":null}}]},"21":{"loc":{"start":{"line":323,"column":12},"end":{"line":323,"column":17}},"type":"binary-expr","locations":[{"start":{"line":323,"column":12},"end":{"line":323,"column":17}},{"start":{"line":323,"column":12},"end":{"line":323,"column":null}}]},"22":{"loc":{"start":{"line":360,"column":12},"end":{"line":360,"column":15}},"type":"binary-expr","locations":[{"start":{"line":360,"column":12},"end":{"line":360,"column":15}},{"start":{"line":360,"column":12},"end":{"line":360,"column":null}}]},"23":{"loc":{"start":{"line":384,"column":12},"end":{"line":384,"column":15}},"type":"binary-expr","locations":[{"start":{"line":384,"column":12},"end":{"line":384,"column":15}},{"start":{"line":384,"column":12},"end":{"line":384,"column":null}}]},"24":{"loc":{"start":{"line":409,"column":12},"end":{"line":409,"column":19}},"type":"binary-expr","locations":[{"start":{"line":409,"column":12},"end":{"line":409,"column":19}},{"start":{"line":409,"column":12},"end":{"line":409,"column":null}}]},"25":{"loc":{"start":{"line":443,"column":12},"end":{"line":443,"column":20}},"type":"binary-expr","locations":[{"start":{"line":443,"column":12},"end":{"line":443,"column":20}},{"start":{"line":443,"column":12},"end":{"line":443,"column":null}}]},"26":{"loc":{"start":{"line":480,"column":12},"end":{"line":480,"column":20}},"type":"binary-expr","locations":[{"start":{"line":480,"column":12},"end":{"line":480,"column":20}},{"start":{"line":480,"column":12},"end":{"line":480,"column":null}}]},"27":{"loc":{"start":{"line":526,"column":12},"end":{"line":526,"column":18}},"type":"binary-expr","locations":[{"start":{"line":526,"column":12},"end":{"line":526,"column":18}},{"start":{"line":526,"column":12},"end":{"line":526,"column":null}}]},"28":{"loc":{"start":{"line":554,"column":12},"end":{"line":554,"column":16}},"type":"binary-expr","locations":[{"start":{"line":554,"column":12},"end":{"line":554,"column":16}},{"start":{"line":554,"column":12},"end":{"line":554,"column":null}}]}},"s":{"0":3,"1":3,"2":3,"3":3,"4":3,"5":3,"6":3,"7":3,"8":3,"9":3,"10":3,"11":3,"12":3,"13":3,"14":3,"15":3,"16":3,"17":3,"18":3,"19":3,"20":3,"21":3,"22":3,"23":3,"24":3,"25":3,"26":3,"27":3,"28":3,"29":3,"30":3,"31":3,"32":3,"33":3,"34":3,"35":3,"36":3,"37":3,"38":3,"39":3,"40":3,"41":3,"42":3,"43":3,"44":3,"45":3,"46":3,"47":3,"48":3,"49":3,"50":3,"51":3,"52":3,"53":3,"54":3,"55":3,"56":3,"57":3,"58":3,"59":3,"60":3,"61":3,"62":3,"63":3,"64":3,"65":3,"66":3,"67":3,"68":3,"69":3,"70":3,"71":3,"72":3,"73":3,"74":3,"75":3,"76":3,"77":3,"78":3,"79":3,"80":3,"81":3,"82":3,"83":3,"84":3,"85":3,"86":3,"87":3,"88":3,"89":3,"90":3,"91":3,"92":3,"93":3,"94":3,"95":3,"96":3,"97":3,"98":3,"99":3,"100":3,"101":3,"102":3,"103":3,"104":3,"105":3,"106":3,"107":3,"108":3,"109":3,"110":3,"111":3,"112":3,"113":3,"114":3,"115":3,"116":3,"117":3,"118":3,"119":3,"120":3,"121":3,"122":3,"123":3,"124":3,"125":3,"126":3,"127":3,"128":3,"129":3,"130":3,"131":3,"132":3,"133":3,"134":3,"135":3,"136":3,"137":3,"138":3,"139":3,"140":3,"141":3,"142":3,"143":3,"144":3,"145":3,"146":3,"147":3,"148":3,"149":3,"150":3,"151":3,"152":3,"153":3,"154":3,"155":3,"156":3,"157":3,"158":3,"159":3,"160":3,"161":3,"162":3,"163":3,"164":3,"165":3,"166":3,"167":3,"168":3,"169":3,"170":3,"171":3,"172":3,"173":3,"174":3,"175":3,"176":3,"177":3,"178":3,"179":3,"180":3,"181":3,"182":3,"183":3,"184":3,"185":3,"186":3,"187":3,"188":3,"189":3,"190":3,"191":3,"192":3,"193":3,"194":3,"195":3,"196":3,"197":3,"198":3,"199":3,"200":3,"201":3,"202":3,"203":3,"204":3,"205":3,"206":3,"207":3,"208":3,"209":3,"210":3,"211":3,"212":3,"213":3,"214":3,"215":3,"216":3,"217":3,"218":3,"219":3,"220":3,"221":3,"222":3,"223":3,"224":3,"225":3,"226":3,"227":3,"228":3,"229":3,"230":3,"231":3,"232":3,"233":3,"234":3,"235":3,"236":3,"237":3,"238":3,"239":3,"240":3,"241":3,"242":3,"243":3,"244":3,"245":3,"246":3,"247":3,"248":3,"249":3,"250":3,"251":3,"252":3,"253":3,"254":3,"255":3,"256":3,"257":3,"258":3,"259":3,"260":3,"261":3,"262":3,"263":3,"264":3,"265":3,"266":3,"267":3,"268":3,"269":3,"270":3,"271":3,"272":3,"273":3,"274":3,"275":3,"276":3,"277":3,"278":3,"279":3,"280":3,"281":3,"282":3,"283":3,"284":3,"285":3,"286":3,"287":3,"288":3,"289":3,"290":3,"291":3,"292":3,"293":3,"294":3,"295":3,"296":3,"297":3,"298":3,"299":3,"300":3,"301":3,"302":3,"303":3,"304":3,"305":3,"306":3,"307":3,"308":3,"309":3,"310":3,"311":3,"312":3,"313":3,"314":3,"315":3,"316":3,"317":3,"318":3,"319":3,"320":3,"321":3,"322":3,"323":3,"324":3,"325":3,"326":3,"327":3,"328":3,"329":3,"330":3,"331":3,"332":3,"333":3,"334":3,"335":3,"336":3,"337":3,"338":3,"339":3,"340":3,"341":3,"342":3,"343":3,"344":3,"345":3,"346":3,"347":3,"348":3,"349":3,"350":3,"351":3,"352":3,"353":3,"354":3,"355":3,"356":3,"357":3,"358":3,"359":3,"360":3,"361":3,"362":3,"363":3,"364":3,"365":3,"366":3,"367":3,"368":3,"369":3,"370":3,"371":3,"372":3,"373":3,"374":3,"375":3,"376":3,"377":3,"378":3,"379":3,"380":3,"381":3,"382":3,"383":3,"384":3,"385":3,"386":3,"387":3,"388":3,"389":3,"390":3,"391":3,"392":3,"393":3,"394":3,"395":3,"396":3,"397":3,"398":3,"399":3,"400":3,"401":3,"402":3,"403":3,"404":3,"405":3,"406":3,"407":3,"408":3,"409":3,"410":3,"411":3,"412":3,"413":3,"414":3,"415":3,"416":3,"417":3,"418":3,"419":3,"420":3,"421":3,"422":3,"423":3,"424":3,"425":3,"426":3,"427":3,"428":3,"429":3,"430":3,"431":3,"432":3,"433":3,"434":3,"435":3,"436":3,"437":3,"438":3,"439":3,"440":3,"441":3,"442":3,"443":3,"444":3,"445":3,"446":3,"447":3,"448":3,"449":3,"450":3,"451":3,"452":3,"453":3,"454":3,"455":3,"456":3,"457":3,"458":3,"459":3,"460":3,"461":3,"462":3,"463":3,"464":3,"465":3,"466":3,"467":3,"468":3,"469":3,"470":3,"471":3,"472":3,"473":3,"474":3,"475":3,"476":3,"477":3,"478":3,"479":3,"480":3,"481":3,"482":3,"483":3,"484":3,"485":3,"486":3,"487":3,"488":3,"489":3,"490":3,"491":3,"492":3,"493":3,"494":3,"495":3,"496":3,"497":3,"498":3,"499":3,"500":3,"501":3,"502":3,"503":3,"504":3,"505":3,"506":3,"507":3,"508":3,"509":3,"510":3,"511":3,"512":3,"513":3,"514":3,"515":3,"516":3,"517":3,"518":3,"519":3,"520":3,"521":3,"522":3,"523":3,"524":3,"525":3,"526":3,"527":3,"528":3,"529":3,"530":3,"531":3,"532":3,"533":3,"534":3,"535":3,"536":3,"537":3,"538":3,"539":3,"540":3,"541":3,"542":3,"543":3,"544":3,"545":3,"546":3,"547":3,"548":3,"549":3,"550":3,"551":3,"552":3,"553":3,"554":3,"555":3,"556":3,"557":3,"558":3,"559":3,"560":3,"561":3,"562":3,"563":3},"f":{"0":3,"1":3,"2":3,"3":3,"4":3,"5":3,"6":3,"7":3,"8":3,"9":3,"10":3,"11":3,"12":3,"13":3,"14":3,"15":3,"16":3,"17":3,"18":3,"19":3,"20":3,"21":3,"22":3,"23":3,"24":3,"25":3,"26":3,"27":3,"28":3},"b":{"0":[3,3],"1":[3,3],"2":[3,3],"3":[3,3],"4":[3,3],"5":[3,3],"6":[3,3],"7":[3,3],"8":[3,3],"9":[3,3],"10":[3,3],"11":[3,3],"12":[3,3],"13":[3,3],"14":[3,3],"15":[3,3],"16":[3,3],"17":[3,3],"18":[3,3],"19":[3,3],"20":[3,3],"21":[3,3],"22":[3,3],"23":[3,3],"24":[3,3],"25":[3,3],"26":[3,3],"27":[3,3],"28":[3,3]}}
,"/home/paulendri/Projects/erbs/packages/sdk/src/constants/LoadoutKeys.ts": {"path":"/home/paulendri/Projects/erbs/packages/sdk/src/constants/LoadoutKeys.ts","statementMap":{"0":{"start":{"line":1,"column":0},"end":{"line":1,"column":null}},"1":{"start":{"line":2,"column":1},"end":{"line":2,"column":null}},"2":{"start":{"line":3,"column":1},"end":{"line":3,"column":null}},"3":{"start":{"line":4,"column":1},"end":{"line":4,"column":null}},"4":{"start":{"line":5,"column":1},"end":{"line":5,"column":null}},"5":{"start":{"line":6,"column":1},"end":{"line":6,"column":null}},"6":{"start":{"line":7,"column":1},"end":{"line":7,"column":null}}},"fnMap":{"0":{"name":"(anonymous_0)","decl":{"start":{"line":1,"column":0},"end":{"line":1,"column":12}},"loc":{"start":{"line":1,"column":23},"end":{"line":8,"column":1}}}},"branchMap":{"0":{"loc":{"start":{"line":1,"column":12},"end":{"line":1,"column":23}},"type":"binary-expr","locations":[{"start":{"line":1,"column":12},"end":{"line":1,"column":23}},{"start":{"line":1,"column":12},"end":{"line":1,"column":null}}]}},"s":{"0":1,"1":1,"2":1,"3":1,"4":1,"5":1,"6":1},"f":{"0":1},"b":{"0":[1,1]}}
,"/home/paulendri/Projects/erbs/packages/sdk/src/constants/Locations.ts": {"path":"/home/paulendri/Projects/erbs/packages/sdk/src/constants/Locations.ts","statementMap":{"0":{"start":{"line":3,"column":0},"end":{"line":3,"column":null}},"1":{"start":{"line":4,"column":2},"end":{"line":4,"column":null}},"2":{"start":{"line":5,"column":2},"end":{"line":5,"column":null}},"3":{"start":{"line":6,"column":2},"end":{"line":6,"column":null}},"4":{"start":{"line":7,"column":2},"end":{"line":7,"column":null}},"5":{"start":{"line":8,"column":2},"end":{"line":8,"column":null}},"6":{"start":{"line":9,"column":2},"end":{"line":9,"column":null}},"7":{"start":{"line":10,"column":2},"end":{"line":10,"column":null}},"8":{"start":{"line":11,"column":2},"end":{"line":11,"column":null}},"9":{"start":{"line":12,"column":2},"end":{"line":12,"column":null}},"10":{"start":{"line":13,"column":2},"end":{"line":13,"column":null}},"11":{"start":{"line":14,"column":2},"end":{"line":14,"column":null}},"12":{"start":{"line":15,"column":2},"end":{"line":15,"column":null}},"13":{"start":{"line":16,"column":2},"end":{"line":16,"column":null}},"14":{"start":{"line":17,"column":2},"end":{"line":17,"column":null}},"15":{"start":{"line":18,"column":2},"end":{"line":18,"column":null}}},"fnMap":{"0":{"name":"(anonymous_0)","decl":{"start":{"line":3,"column":0},"end":{"line":3,"column":12}},"loc":{"start":{"line":3,"column":21},"end":{"line":19,"column":1}}}},"branchMap":{"0":{"loc":{"start":{"line":3,"column":12},"end":{"line":3,"column":21}},"type":"binary-expr","locations":[{"start":{"line":3,"column":12},"end":{"line":3,"column":21}},{"start":{"line":3,"column":12},"end":{"line":3,"column":null}}]}},"s":{"0":3,"1":3,"2":3,"3":3,"4":3,"5":3,"6":3,"7":3,"8":3,"9":3,"10":3,"11":3,"12":3,"13":3,"14":3,"15":3},"f":{"0":3},"b":{"0":[3,3]}}
,"/home/paulendri/Projects/erbs/packages/sdk/src/constants/TreeOfLifeLocations.ts": {"path":"/home/paulendri/Projects/erbs/packages/sdk/src/constants/TreeOfLifeLocations.ts","statementMap":{"0":{"start":{"line":3,"column":0},"end":{"line":3,"column":null}},"1":{"start":{"line":4,"column":1},"end":{"line":4,"column":null}},"2":{"start":{"line":5,"column":1},"end":{"line":5,"column":null}},"3":{"start":{"line":6,"column":1},"end":{"line":6,"column":null}}},"fnMap":{"0":{"name":"(anonymous_0)","decl":{"start":{"line":3,"column":0},"end":{"line":3,"column":12}},"loc":{"start":{"line":3,"column":31},"end":{"line":7,"column":1}}}},"branchMap":{"0":{"loc":{"start":{"line":3,"column":12},"end":{"line":3,"column":31}},"type":"binary-expr","locations":[{"start":{"line":3,"column":12},"end":{"line":3,"column":31}},{"start":{"line":3,"column":12},"end":{"line":3,"column":null}}]}},"s":{"0":3,"1":3,"2":3,"3":3},"f":{"0":3},"b":{"0":[3,3]}}
,"/home/paulendri/Projects/erbs/packages/sdk/src/constants/Weapons.ts": {"path":"/home/paulendri/Projects/erbs/packages/sdk/src/constants/Weapons.ts","statementMap":{"0":{"start":{"line":3,"column":0},"end":{"line":3,"column":null}},"1":{"start":{"line":4,"column":2},"end":{"line":4,"column":null}},"2":{"start":{"line":5,"column":2},"end":{"line":5,"column":null}},"3":{"start":{"line":6,"column":2},"end":{"line":6,"column":null}},"4":{"start":{"line":7,"column":2},"end":{"line":7,"column":null}},"5":{"start":{"line":8,"column":2},"end":{"line":8,"column":null}},"6":{"start":{"line":9,"column":2},"end":{"line":9,"column":null}},"7":{"start":{"line":10,"column":2},"end":{"line":10,"column":null}},"8":{"start":{"line":11,"column":2},"end":{"line":11,"column":null}},"9":{"start":{"line":12,"column":2},"end":{"line":12,"column":null}},"10":{"start":{"line":13,"column":2},"end":{"line":13,"column":null}},"11":{"start":{"line":14,"column":2},"end":{"line":14,"column":null}},"12":{"start":{"line":15,"column":2},"end":{"line":15,"column":null}},"13":{"start":{"line":16,"column":2},"end":{"line":16,"column":null}},"14":{"start":{"line":17,"column":2},"end":{"line":17,"column":null}},"15":{"start":{"line":18,"column":2},"end":{"line":18,"column":null}},"16":{"start":{"line":19,"column":2},"end":{"line":19,"column":null}},"17":{"start":{"line":20,"column":2},"end":{"line":20,"column":null}},"18":{"start":{"line":21,"column":2},"end":{"line":21,"column":null}},"19":{"start":{"line":22,"column":2},"end":{"line":22,"column":null}},"20":{"start":{"line":23,"column":2},"end":{"line":23,"column":null}},"21":{"start":{"line":26,"column":0},"end":{"line":26,"column":null}},"22":{"start":{"line":27,"column":2},"end":{"line":27,"column":null}},"23":{"start":{"line":28,"column":2},"end":{"line":28,"column":null}},"24":{"start":{"line":29,"column":2},"end":{"line":29,"column":null}},"25":{"start":{"line":30,"column":2},"end":{"line":30,"column":null}},"26":{"start":{"line":31,"column":2},"end":{"line":31,"column":null}},"27":{"start":{"line":32,"column":2},"end":{"line":32,"column":null}},"28":{"start":{"line":33,"column":2},"end":{"line":33,"column":null}},"29":{"start":{"line":34,"column":2},"end":{"line":34,"column":null}},"30":{"start":{"line":35,"column":2},"end":{"line":35,"column":null}},"31":{"start":{"line":36,"column":2},"end":{"line":36,"column":null}},"32":{"start":{"line":37,"column":2},"end":{"line":37,"column":null}},"33":{"start":{"line":38,"column":2},"end":{"line":38,"column":null}},"34":{"start":{"line":39,"column":2},"end":{"line":39,"column":null}},"35":{"start":{"line":40,"column":2},"end":{"line":40,"column":null}},"36":{"start":{"line":41,"column":2},"end":{"line":41,"column":null}},"37":{"start":{"line":42,"column":2},"end":{"line":42,"column":null}},"38":{"start":{"line":43,"column":2},"end":{"line":43,"column":null}},"39":{"start":{"line":44,"column":2},"end":{"line":44,"column":null}},"40":{"start":{"line":45,"column":2},"end":{"line":45,"column":null}},"41":{"start":{"line":46,"column":2},"end":{"line":46,"column":null}},"42":{"start":{"line":49,"column":0},"end":{"line":49,"column":null}},"43":{"start":{"line":50,"column":2},"end":{"line":50,"column":null}},"44":{"start":{"line":51,"column":2},"end":{"line":51,"column":null}},"45":{"start":{"line":52,"column":2},"end":{"line":52,"column":null}},"46":{"start":{"line":53,"column":2},"end":{"line":53,"column":null}},"47":{"start":{"line":54,"column":2},"end":{"line":54,"column":null}},"48":{"start":{"line":55,"column":2},"end":{"line":55,"column":null}},"49":{"start":{"line":56,"column":2},"end":{"line":56,"column":null}},"50":{"start":{"line":57,"column":2},"end":{"line":57,"column":null}},"51":{"start":{"line":58,"column":2},"end":{"line":58,"column":null}},"52":{"start":{"line":59,"column":2},"end":{"line":59,"column":null}},"53":{"start":{"line":60,"column":2},"end":{"line":60,"column":null}},"54":{"start":{"line":61,"column":2},"end":{"line":61,"column":null}},"55":{"start":{"line":62,"column":2},"end":{"line":62,"column":null}},"56":{"start":{"line":63,"column":2},"end":{"line":63,"column":null}},"57":{"start":{"line":64,"column":2},"end":{"line":64,"column":null}},"58":{"start":{"line":65,"column":2},"end":{"line":65,"column":null}},"59":{"start":{"line":66,"column":2},"end":{"line":66,"column":null}},"60":{"start":{"line":67,"column":2},"end":{"line":67,"column":null}},"61":{"start":{"line":68,"column":2},"end":{"line":68,"column":null}}},"fnMap":{"0":{"name":"(anonymous_0)","decl":{"start":{"line":3,"column":0},"end":{"line":3,"column":12}},"loc":{"start":{"line":3,"column":19},"end":{"line":24,"column":1}}},"1":{"name":"(anonymous_1)","decl":{"start":{"line":26,"column":0},"end":{"line":26,"column":12}},"loc":{"start":{"line":26,"column":25},"end":{"line":47,"column":1}}},"2":{"name":"(anonymous_2)","decl":{"start":{"line":49,"column":0},"end":{"line":49,"column":12}},"loc":{"start":{"line":49,"column":34},"end":{"line":69,"column":1}}}},"branchMap":{"0":{"loc":{"start":{"line":3,"column":12},"end":{"line":3,"column":19}},"type":"binary-expr","locations":[{"start":{"line":3,"column":12},"end":{"line":3,"column":19}},{"start":{"line":3,"column":12},"end":{"line":3,"column":null}}]},"1":{"loc":{"start":{"line":26,"column":12},"end":{"line":26,"column":25}},"type":"binary-expr","locations":[{"start":{"line":26,"column":12},"end":{"line":26,"column":25}},{"start":{"line":26,"column":12},"end":{"line":26,"column":null}}]},"2":{"loc":{"start":{"line":49,"column":12},"end":{"line":49,"column":34}},"type":"binary-expr","locations":[{"start":{"line":49,"column":12},"end":{"line":49,"column":34}},{"start":{"line":49,"column":12},"end":{"line":49,"column":null}}]}},"s":{"0":3,"1":3,"2":3,"3":3,"4":3,"5":3,"6":3,"7":3,"8":3,"9":3,"10":3,"11":3,"12":3,"13":3,"14":3,"15":3,"16":3,"17":3,"18":3,"19":3,"20":3,"21":3,"22":3,"23":3,"24":3,"25":3,"26":3,"27":3,"28":3,"29":3,"30":3,"31":3,"32":3,"33":3,"34":3,"35":3,"36":3,"37":3,"38":3,"39":3,"40":3,"41":3,"42":3,"43":3,"44":3,"45":3,"46":3,"47":3,"48":3,"49":3,"50":3,"51":3,"52":3,"53":3,"54":3,"55":3,"56":3,"57":3,"58":3,"59":3,"60":3,"61":3},"f":{"0":3,"1":3,"2":3},"b":{"0":[3,3],"1":[3,3],"2":[3,3]}}
,"/home/paulendri/Projects/erbs/packages/sdk/src/constants/Weights.ts": {"path":"/home/paulendri/Projects/erbs/packages/sdk/src/constants/Weights.ts","statementMap":{"0":{"start":{"line":1,"column":13},"end":{"line":18,"column":2}}},"fnMap":{},"branchMap":{},"s":{"0":2},"f":{},"b":{}}
,"/home/paulendri/Projects/erbs/packages/sdk/src/constants/index.ts": {"path":"/home/paulendri/Projects/erbs/packages/sdk/src/constants/index.ts","statementMap":{"0":{"start":{"line":1,"column":0},"end":{"line":1,"column":26}},"1":{"start":{"line":2,"column":0},"end":{"line":2,"column":25}},"2":{"start":{"line":3,"column":0},"end":{"line":3,"column":26}},"3":{"start":{"line":4,"column":0},"end":{"line":4,"column":26}},"4":{"start":{"line":5,"column":0},"end":{"line":5,"column":29}},"5":{"start":{"line":6,"column":0},"end":{"line":6,"column":28}},"6":{"start":{"line":7,"column":0},"end":{"line":7,"column":38}},"7":{"start":{"line":8,"column":0},"end":{"line":8,"column":29}},"8":{"start":{"line":9,"column":0},"end":{"line":9,"column":24}}},"fnMap":{},"branchMap":{},"s":{"0":3,"1":3,"2":3,"3":3,"4":3,"5":3,"6":3,"7":3,"8":3},"f":{},"b":{}}
[...]
"column":3}}},"1":{"name":"(anonymous_1)","decl":{"start":{"line":12,"column":9},"end":{"line":12,"column":12}},"loc":{"start":{"line":12,"column":26},"end":{"line":14,"column":3}}},"2":{"name":"(anonymous_2)","decl":{"start":{"line":16,"column":9},"end":{"line":16,"column":12}},"loc":{"start":{"line":16,"column":38},"end":{"line":18,"column":3}}},"3":{"name":"(anonymous_3)","decl":{"start":{"line":20,"column":9},"end":{"line":20,"column":12}},"loc":{"start":{"line":20,"column":38},"end":{"line":28,"column":3}}},"4":{"name":"(anonymous_4)","decl":{"start":{"line":30,"column":9},"end":{"line":30,"column":17}},"loc":{"start":{"line":30,"column":43},"end":{"line":38,"column":3}}},"5":{"name":"(anonymous_5)","decl":{"start":{"line":40,"column":9},"end":{"line":40,"column":20}},"loc":{"start":{"line":40,"column":44},"end":{"line":46,"column":3}}},"6":{"name":"(anonymous_6)","decl":{"start":{"line":41,"column":33},"end":{"line":41,"column":34}},"loc":{"start":{"line":42,"column":6},"end":{"line":42,"column":24}}},"7":{"name":"(anonymous_7)","decl":{"start":{"line":48,"column":9},"end":{"line":48,"column":21}},"loc":{"start":{"line":48,"column":48},"end":{"line":52,"column":3}}},"8":{"name":"(anonymous_8)","decl":{"start":{"line":49,"column":18},"end":{"line":49,"column":19}},"loc":{"start":{"line":49,"column":28},"end":{"line":49,"column":50}}},"9":{"name":"(anonymous_9)","decl":{"start":{"line":54,"column":9},"end":{"line":54,"column":14}},"loc":{"start":{"line":54,"column":14},"end":{"line":60,"column":3}}},"10":{"name":"(anonymous_10)","decl":{"start":{"line":62,"column":9},"end":{"line":62,"column":29}},"loc":{"start":{"line":62,"column":45},"end":{"line":86,"column":3}}},"11":{"name":"(anonymous_11)","decl":{"start":{"line":71,"column":8},"end":{"line":71,"column":9}},"loc":{"start":{"line":72,"column":10},"end":{"line":74,"column":56}}},"12":{"name":"(anonymous_12)","decl":{"start":{"line":74,"column":27},"end":{"line":74,"column":28}},"loc":{"start":{"line":74,"column":39},"end":{"line":74,"column":55}}},"13":{"name":"(anonymous_13)","decl":{"start":{"line":76,"column":22},"end":{"line":76,"column":23}},"loc":{"start":{"line":76,"column":34},"end":{"line":76,"column":52}}},"14":{"name":"(anonymous_14)","decl":{"start":{"line":82,"column":25},"end":{"line":82,"column":26}},"loc":{"start":{"line":82,"column":37},"end":{"line":82,"column":39}}},"15":{"name":"(anonymous_15)","decl":{"start":{"line":85,"column":23},"end":{"line":85,"column":24}},"loc":{"start":{"line":85,"column":35},"end":{"line":85,"column":47}}}},"branchMap":{"0":{"loc":{"start":{"line":16,"column":37},"end":{"line":16,"column":38}},"type":"default-arg","locations":[{"start":{"line":16,"column":37},"end":{"line":16,"column":38}}]},"1":{"loc":{"start":{"line":20,"column":37},"end":{"line":20,"column":38}},"type":"default-arg","locations":[{"start":{"line":20,"column":37},"end":{"line":20,"column":38}}]},"2":{"loc":{"start":{"line":21,"column":4},"end":{"line":23,"column":null}},"type":"if","locations":[{"start":{"line":21,"column":4},"end":{"line":23,"column":null}},{"start":{"line":21,"column":4},"end":{"line":23,"column":null}}]},"3":{"loc":{"start":{"line":30,"column":42},"end":{"line":30,"column":43}},"type":"default-arg","locations":[{"start":{"line":30,"column":42},"end":{"line":30,"column":43}}]},"4":{"loc":{"start":{"line":31,"column":4},"end":{"line":35,"column":null}},"type":"if","locations":[{"start":{"line":31,"column":4},"end":{"line":35,"column":null}},{"start":{"line":31,"column":4},"end":{"line":35,"column":null}}]},"5":{"loc":{"start":{"line":62,"column":40},"end":{"line":62,"column":45}},"type":"default-arg","locations":[{"start":{"line":62,"column":40},"end":{"line":62,"column":45}}]},"6":{"loc":{"start":{"line":72,"column":10},"end":{"line":72,"column":20}},"type":"binary-expr","locations":[{"start":{"line":72,"column":10},"end":{"line":72,"column":20}},{"start":{"line":73,"column":10},"end":{"line":73,"column":31}},{"start":{"line":74,"column":10},"end":{"line":74,"column":56}}]},"7":{"loc":{"start":{"line":81,"column":4},"end":{"line":83,"column":null}},"type":"if","locations":[{"start":{"line":81,"column":4},"end":{"line":83,"column":null}},{"start":{"line":81,"column":4},"end":{"line":83,"column":null}}]}},"s":{"0":3,"1":3,"2":832,"3":678,"4":65,"5":14356,"6":7351,"7":14356,"8":14356,"9":12,"10":0,"11":12,"12":12,"13":800,"14":13273,"15":800,"16":7,"17":37,"18":7,"19":763,"20":763,"21":763,"22":1,"23":1,"24":1,"25":1,"26":4,"27":4,"28":2132,"29":2010,"30":4,"31":55,"32":4,"33":1,"34":1,"35":15,"36":0,"37":0,"38":3},"f":{"0":832,"1":678,"2":65,"3":14356,"4":12,"5":800,"6":13273,"7":7,"8":37,"9":763,"10":1,"11":2132,"12":2010,"13":55,"14":15,"15":0},"b":{"0":[0],"1":[0],"2":[7351,7005],"3":[0],"4":[0,12],"5":[0],"6":[2132,2132,1740],"7":[1,0]}}
,"/home/paulendri/Projects/erbs/packages/sdk/src/libs/Route.ts": {"path":"/home/paulendri/Projects/erbs/packages/sdk/src/libs/Route.ts","statementMap":{"0":{"start":{"line":1,"column":0},"end":{"line":1,"column":37}},"1":{"start":{"line":2,"column":0},"end":{"line":2,"column":47}},"2":{"start":{"line":4,"column":0},"end":{"line":4,"column":46}},"3":{"start":{"line":41,"column":11},"end":{"line":41,"column":27}},"4":{"start":{"line":42,"column":12},"end":{"line":42,"column":66}},"5":{"start":{"line":31,"column":9},"end":{"line":31,"column":40}},"6":{"start":{"line":37,"column":10},"end":{"line":37,"column":39}},"7":{"start":{"line":44,"column":4},"end":{"line":44,"column":58}},"8":{"start":{"line":45,"column":4},"end":{"line":45,"column":52}},"9":{"start":{"line":49,"column":4},"end":{"line":49,"column":47}},"10":{"start":{"line":51,"column":4},"end":{"line":53,"column":6}},"11":{"start":{"line":52,"column":6},"end":{"line":52,"column":33}},"12":{"start":{"line":55,"column":4},"end":{"line":59,"column":7}},"13":{"start":{"line":56,"column":6},"end":{"line":58,"column":null}},"14":{"start":{"line":57,"column":8},"end":{"line":57,"column":61}},"15":{"start":{"line":63,"column":4},"end":{"line":63,"column":71}},"16":{"start":{"line":65,"column":4},"end":{"line":67,"column":6}},"17":{"start":{"line":66,"column":6},"end":{"line":66,"column":60}},"18":{"start":{"line":71,"column":4},"end":{"line":71,"column":27}},"19":{"start":{"line":73,"column":29},"end":{"line":79,"column":null}},"20":{"start":{"line":75,"column":8},"end":{"line":75,"column":39}},"21":{"start":{"line":79,"column":10},"end":{"line":79,"column":47}},"22":{"start":{"line":82,"column":24},"end":{"line":82,"column":60}},"23":{"start":{"line":84,"column":4},"end":{"line":99,"column":6}},"24":{"start":{"line":85,"column":73},"end":{"line":88,"column":32}},"25":{"start":{"line":90,"column":27},"end":{"line":97,"column":10}},"26":{"start":{"line":94,"column":32},"end":{"line":94,"column":47}},"27":{"start":{"line":95,"column":29},"end":{"line":95,"column":63}},"28":{"start":{"line":96,"column":28},"end":{"line":96,"column":41}},"29":{"start":{"line":98,"column":24},"end":{"line":98,"column":37}},"30":{"start":{"line":103,"column":20},"end":{"line":103,"column":48}},"31":{"start":{"line":104,"column":4},"end":{"line":104,"column":49}},"32":{"start":{"line":106,"column":28},"end":{"line":114,"column":6}},"33":{"start":{"line":112,"column":23},"end":{"line":112,"column":31}},"34":{"start":{"line":116,"column":4},"end":{"line":123,"column":null}},"35":{"start":{"line":117,"column":6},"end":{"line":117,"column":18}},"36":{"start":{"line":118,"column":11},"end":{"line":123,"column":null}},"37":{"start":{"line":122,"column":6},"end":{"line":122,"column":18}},"38":{"start":{"line":125,"column":4},"end":{"line":128,"column":null}},"39":{"start":{"line":126,"column":6},"end":{"line":126,"column":33}},"40":{"start":{"line":127,"column":6},"end":{"line":127,"column":18}},"41":{"start":{"line":130,"column":4},"end":{"line":153,"column":null}},"42":{"start":{"line":131,"column":6},"end":{"line":140,"column":8}},"43":{"start":{"line":134,"column":20},"end":{"line":134,"column":77}},"44":{"start":{"line":136,"column":23},"end":{"line":139,"column":12}},"45":{"start":{"line":142,"column":6},"end":{"line":152,"column":8}},"46":{"start":{"line":146,"column":14},"end":{"line":146,"column":71}},"47":{"start":{"line":148,"column":24},"end":{"line":151,"column":12}},"48":{"start":{"line":155,"column":4},"end":{"line":155,"column":16}},"49":{"start":{"line":159,"column":4},"end":{"line":167,"column":null}},"50":{"start":{"line":163,"column":6},"end":{"line":166,"column":8}},"51":{"start":{"line":169,"column":31},"end":{"line":175,"column":6}},"52":{"start":{"line":178,"column":4},"end":{"line":178,"column":73}},"53":{"start":{"line":178,"column":42},"end":{"line":178,"column":71}},"54":{"start":{"line":180,"column":21},"end":{"line":180,"column":39}},"55":{"start":{"line":182,"column":4},"end":{"line":182,"column":65}},"56":{"start":{"line":183,"column":4},"end":{"line":183,"column":62}},"57":{"start":{"line":183,"column":57},"end":{"line":183,"column":60}},"58":{"start":{"line":185,"column":27},"end":{"line":187,"column":68}},"59":{"start":{"line":187,"column":65},"end":{"line":187,"column":67}},"60":{"start":{"line":189,"column":4},"end":{"line":194,"column":6}},"61":{"start":{"line":190,"column":33},"end":{"line":193,"column":8}},"62":{"start":{"line":196,"column":4},"end":{"line":198,"column":47}},"63":{"start":{"line":197,"column":22},"end":{"line":197,"column":61}},"64":{"start":{"line":198,"column":40},"end":{"line":198,"column":45}},"65":{"start":{"line":199,"column":4},"end":{"line":199,"column":30}},"66":{"start":{"line":201,"column":4},"end":{"line":204,"column":6}},"67":{"start":{"line":16,"column":0},"end":{"line":16,"column":13}},"68":{"start":{"line":17,"column":9},"end":{"line":29,"column":4}}},"fnMap":{"0":{"name":"(anonymous_0)","decl":{"start":{"line":40,"column":2},"end":{"line":40,"column":null}},"loc":{"start":{"line":42,"column":66},"end":{"line":46,"column":3}}},"1":{"name":"(anonymous_1)","decl":{"start":{"line":48,"column":9},"end":{"line":48,"column":32}},"loc":{"start":{"line":48,"column":77},"end":{"line":60,"column":3}}},"2":{"name":"(anonymous_2)","decl":{"start":{"line":51,"column":46},"end":{"line":51,"column":47}},"loc":{"start":{"line":52,"column":6},"end":{"line":52,"column":33}}},"3":{"name":"(anonymous_3)","decl":{"start":{"line":55,"column":34},"end":{"line":55,"column":35}},"loc":{"start":{"line":55,"column":41},"end":{"line":59,"column":5}}},"4":{"name":"(anonymous_4)","decl":{"start":{"line":62,"column":9},"end":{"line":62,"column":24}},"loc":{"start":{"line":62,"column":24},"end":{"line":68,"column":3}}},"5":{"name":"(anonymous_5)","decl":{"start":{"line":65,"column":27},"end":{"line":65,"column":28}},"loc":{"start":{"line":66,"column":6},"end":{"line":66,"column":60}}},"6":{"name":"(anonymous_6)","decl":{"start":{"line":70,"column":9},"end":{"line":70,"column":20}},"loc":{"start":{"line":70,"column":20},"end":{"line":100,"column":3}}},"7":{"name":"(anonymous_7)","decl":{"start":{"line":74,"column":11},"end":{"line":74,"column":12}},"loc":{"start":{"line":74,"column":24},"end":{"line":76,"column":7}}},"8":{"name":"(anonymous_8)","decl":{"start":{"line":78,"column":8},"end":{"line":78,"column":9}},"loc":{"start":{"line":79,"column":10},"end":{"line":79,"column":47}}},"9":{"name":"(anonymous_9)","decl":{"start":{"line":85,"column":38},"end":{"line":85,"column":39}},"loc":{"start":{"line":85,"column":73},"end":{"line":88,"column":32}}},"10":{"name":"(anonymous_10)","decl":{"start":{"line":90,"column":13},"end":{"line":90,"column":14}},"loc":{"start":{"line":90,"column":27},"end":{"line":97,"column":10}}},"11":{"name":"(anonymous_11)","decl":{"start":{"line":94,"column":20},"end":{"line":94,"column":21}},"loc":{"start":{"line":94,"column":32},"end":{"line":94,"column":47}}},"12":{"name":"(anonymous_12)","decl":{"start":{"line":95,"column":17},"end":{"line":95,"column":18}},"loc":{"start":{"line":95,"column":29},"end":{"line":95,"column":63}}},"13":{"name":"(anonymous_13)","decl":{"start":{"line":96,"column":18},"end":{"line":96,"column":19}},"loc":{"start":{"line":96,"column":28},"end":{"line":96,"column":41}}},"14":{"name":"(anonymous_14)","decl":{"start":{"line":98,"column":14},"end":{"line":98,"column":15}},"loc":{"start":{"line":98,"column":24},"end":{"line":98,"column":37}}},"15":{"name":"(anonymous_15)","decl":{"start":{"line":102,"column":10},"end":{"line":102,"column":23}},"loc":{"start":{"line":102,"column":76},"end":{"line":156,"column":3}}},"16":{"name":"(anonymous_16)","decl":{"start":{"line":112,"column":13},"end":{"line":112,"column":14}},"loc":{"start":{"line":112,"column":23},"end":{"line":112,"column":31}}},"17":{"name":"(anonymous_17)","decl":{"start":{"line":134,"column":12},"end":{"line":134,"column":13}},"loc":{"start":{"line":134,"column":20},"end":{"line":134,"column":77}}},"18":{"name":"(anonymous_18)","decl":{"start":{"line":136,"column":15},"end":{"line":136,"column":16}},"loc":{"start":{"line":136,"column":23},"end":{"line":139,"column":12}}},"19":{"name":"(anonymous_19)","decl":{"start":{"line":145,"column":12},"end":{"line":145,"column":13}},"loc":{"start":{"line":146,"column":14},"end":{"line":146,"column":71}}},"20":{"name":"(anonymous_20)","decl":{"start":{"line":148,"column":15},"end":{"line":148,"column":16}},"loc":{"start":{"line":148,"column":24},"end":{"line":151,"column":12}}},"21":{"name":"(anonymous_21)","decl":{"start":{"line":158,"column":9},"end":{"line":158,"column":17}},"loc":{"start":{"line":158,"column":59},"end":{"line":205,"column":3}}},"22":{"name":"(anonymous_22)","decl":{"start":{"line":178,"column":34},"end":{"line":178,"column":35}},"loc":{"start":{"line":178,"column":42},"end":{"line":178,"column":71}}},"23":{"name":"(anonymous_23)","decl":{"start":{"line":183,"column":44},"end":{"line":183,"column":45}},"loc":{"start":{"line":183,"column":57},"end":{"line":183,"column":60}}},"24":{"name":"(anonymous_24)","decl":{"start":{"line":187,"column":55},"end":{"line":187,"column":56}},"loc":{"start":{"line":187,"column":65},"end":{"line":187,"column":67}}},"25":{"name":"(anonymous_25)","decl":{"start":{"line":190,"column":25},"end":{"line":190,"column":26}},"loc":{"start":{"line":190,"column":33},"end":{"line":193,"column":8}}},"26":{"name":"(anonymous_26)","decl":{"start":{"line":197,"column":12},"end":{"line":197,"column":13}},"loc":{"start":{"line":197,"column":22},"end":{"line":197,"column":61}}},"27":{"name":"(anonymous_27)","decl":{"start":{"line":198,"column":11},"end":{"line":198,"column":12}},"loc":{"start":{"line":198,"column":40},"end":{"line":198,"column":45}}}},"branchMap":{"0":{"loc":{"start":{"line":56,"column":6},"end":{"line":58,"column":null}},"type":"if","locations":[{"start":{"line":56,"column":6},"end":{"line":58,"column":null}},{"start":{"line":56,"column":6},"end":{"line":58,"column":null}}]},"1":{"loc":{"start":{"line":102,"column":75},"end":{"line":102,"column":76}},"type":"default-arg","locations":[{"start":{"line":102,"column":75},"end":{"line":102,"column":76}}]},"2":{"loc":{"start":{"line":116,"column":4},"end":{"line":123,"column":null}},"type":"if","locations":[{"start":{"line":116,"column":4},"end":{"line":123,"column":null}},{"start":{"line":116,"column":4},"end":{"line":123,"column":null}}]},"3":{"loc":{"start":{"line":116,"column":8},"end":{"line":116,"column":18}},"type":"binary-expr","locations":[{"start":{"line":116,"column":8},"end":{"line":116,"column":18}},{"start":{"line":116,"column":22},"end":{"line":116,"column":76}}]},"4":{"loc":{"start":{"line":118,"column":11},"end":{"line":123,"column":null}},"type":"if","locations":[{"start":{"line":118,"column":11},"end":{"line":123,"column":null}},{"start":{"line":118,"column":11},"end":{"line":123,"column":null}}]},"5":{"loc":{"start":{"line":119,"column":6},"end":{"line":119,"column":41}},"type":"binary-expr","locations":[{"start":{"line":119,"column":6},"end":{"line":119,"column":41}},{"start":{"line":120,"column":6},"end":{"line":120,"column":58}}]},"6":{"loc":{"start":{"line":125,"column":4},"end":{"line":128,"column":null}},"type":"if","locations":[{"start":{"line":125,"column":4},"end":{"line":128,"column":null}},{"start":{"line":125,"column":4},"end":{"line":128,"column":null}}]},"7":{"loc":{"start":{"line":130,"column":4},"end":{"line":153,"column":null}},"type":"if","locations":[{"start":{"line":130,"column":4},"end":{"line":153,"column":null}},{"start":{"line":130,"column":4},"end":{"line":153,"column":null}}]},"8":{"loc":{"start":{"line":134,"column":20},"end":{"line":134,"column":49}},"type":"binary-expr","locations":[{"start":{"line":134,"column":20},"end":{"line":134,"column":49}},{"start":{"line":134,"column":53},"end":{"line":134,"column":77}}]},"9":{"loc":{"start":{"line":146,"column":14},"end":{"line":146,"column":43}},"type":"binary-expr","locations":[{"start":{"line":146,"column":14},"end":{"line":146,"column":43}},{"start":{"line":146,"column":47},"end":{"line":146,"column":71}}]},"10":{"loc":{"start":{"line":158,"column":58},"end":{"line":158,"column":59}},"type":"default-arg","locations":[{"start":{"line":158,"column":58},"end":{"line":158,"column":59}}]},"11":{"loc":{"start":{"line":159,"column":4},"end":{"line":167,"column":null}},"type":"if","locations":[{"start":{"line":159,"column":4},"end":{"line":167,"column":null}},{"start":{"line":159,"column":4},"end":{"line":167,"column":null}}]},"12":{"loc":{"start":{"line":160,"column":6},"end":{"line":160,"column":21}},"type":"binary-expr","locations":[{"start":{"line":160,"column":6},"end":{"line":160,"column":21}},{"start":{"line":161,"column":7},"end":{"line":161,"column":21}},{"start":{"line":161,"column":25},"end":{"line":161,"column":60}}]},"13":{"loc":{"start":{"line":186,"column":8},"end":{"line":186,"column":23}},"type":"cond-expr","locations":[{"start":{"line":186,"column":8},"end":{"line":186,"column":23}},{"start":{"line":187,"column":8},"end":{"line":187,"column":68}}]}},"s":{"0":2,"1":2,"2":2,"3":3,"4":3,"5":3,"6":3,"7":3,"8":3,"9":3,"10":3,"11":63,"12":3,"13":33,"14":12,"15":2,"16":2,"17":30,"18":2,"19":2,"20":30,"21":80,"22":2,"23":2,"24":30,"25":30,"26":118,"27":118,"28":166,"29":80,"30":762,"31":762,"32":762,"33":2302,"34":762,"35":2,"36":760,"37":200,"38":560,"39":449,"40":449,"41":111,"42":52,"43":780,"44":580,"45":59,"46":237,"47":181,"48":111,"49":1,"50":0,"51":1,"52":1,"53":11,"54":1,"55":1,"56":1,"57":15,"58":1,"59":1,"60":1,"61":1,"62":1,"63":2295,"64":449,"65":1,"66":1,"67":2,"68":2},"f":{"0":3,"1":3,"2":63,"3":33,"4":2,"5":30,"6":2,"7":30,"8":80,"9":30,"10":30,"11":118,"12":118,"13":166,"14":80,"15":762,"16":2302,"17":780,"18":580,"19":237,"20":181,"21":1,"22":11,"23":15,"24":1,"25":1,"26":2295,"27":449},"b":{"0":[12,21],"1":[1],"2":[2,760],"3":[762,761],"4":[200,560],"5":[760,649],"6":[449,111],"7":[52,59],"8":[780,580],"9":[237,181],"10":[1],"11":[0,1],"12":[1,0,0],"13":[0,1]}}
,"/home/paulendri/Projects/erbs/packages/sdk/src/utilities/setStaticCache.ts": {"path":"/home/paulendri/Projects/erbs/packages/sdk/src/utilities/setStaticCache.ts","statementMap":{"0":{"start":{"line":1,"column":0},"end":{"line":1,"column":null}},"1":{"start":{"line":9,"column":0},"end":{"line":9,"column":51}},"2":{"start":{"line":11,"column":30},"end":{"line":18,"column":1}},"3":{"start":{"line":12,"column":2},"end":{"line":12,"column":33}},"4":{"start":{"line":13,"column":2},"end":{"line":13,"column":37}},"5":{"start":{"line":14,"column":2},"end":{"line":14,"column":35}},"6":{"start":{"line":15,"column":2},"end":{"line":15,"column":41}},"7":{"start":{"line":16,"column":2},"end":{"line":16,"column":43}},"8":{"start":{"line":17,"column":2},"end":{"line":17,"column":37}},"9":{"start":{"line":11,"column":13},"end":{"line":11,"column":30}}},"fnMap":{"0":{"name":"(anonymous_0)","decl":{"start":{"line":11,"column":30},"end":{"line":11,"column":33}},"loc":{"start":{"line":11,"column":35},"end":{"line":18,"column":1}}}},"branchMap":{},"s":{"0":4,"1":4,"2":4,"3":4,"4":4,"5":4,"6":4,"7":4,"8":4,"9":4},"f":{"0":4},"b":{}}
}
