TN:
SF:src/libs/Entity.ts
FN:32,(anonymous_0)
FN:7,(anonymous_1)
FN:11,(anonymous_2)
FN:24,(anonymous_3)
FNF:4
FNH:4
FNDA:4,(anonymous_0)
FNDA:2,(anonymous_1)
FNDA:6,(anonymous_2)
FNDA:762,(anonymous_3)
DA:3,1
DA:8,2
DA:12,6
DA:14,6
DA:15,0
DA:16,6
DA:17,2
DA:20,4
DA:21,2
DA:24,2
DA:25,762
DA:29,4
DA:30,4
DA:33,4
DA:35,4
DA:37,4
DA:38,4
LF:17
LH:16
BRDA:37,0,0,4
BRDA:37,0,1,0
BRDA:14,1,0,0
BRDA:14,1,1,6
BRDA:16,2,0,2
BRDA:16,2,1,4
BRDA:20,3,0,2
BRDA:20,3,1,2
BRF:8
BRH:6
end_of_record
TN:
SF:src/libs/Item.ts
FN:49,(anonymous_0)
FN:57,(anonymous_1)
FN:78,(anonymous_2)
FN:86,(anonymous_3)
FN:93,(anonymous_4)
FN:96,(anonymous_5)
FN:104,(anonymous_6)
FN:122,(anonymous_7)
FN:124,(anonymous_8)
FNF:9
FNH:1
FNDA:4,(anonymous_0)
FNDA:0,(anonymous_1)
FNDA:0,(anonymous_2)
FNDA:0,(anonymous_3)
FNDA:0,(anonymous_4)
FNDA:0,(anonymous_5)
FNDA:0,(anonymous_6)
FNDA:0,(anonymous_7)
FNDA:0,(anonymous_8)
DA:13,1
DA:14,1
DA:16,1
DA:18,1
DA:21,1
DA:22,1
DA:50,4
DA:52,4
DA:53,4
DA:54,4
DA:61,0
DA:63,0
DA:64,0
DA:66,0
DA:67,0
DA:69,0
DA:71,0
DA:72,0
DA:79,0
DA:80,0
DA:85,0
DA:86,0
DA:94,0
DA:95,0
DA:96,0
DA:101,0
DA:105,0
DA:107,0
DA:109,0
DA:111,0
DA:113,0
DA:116,0
DA:118,0
DA:123,0
DA:124,0
LF:35
LH:10
BRDA:71,0,0,0
BRDA:71,0,1,0
BRDA:79,1,0,0
BRDA:79,1,1,0
BRDA:94,2,0,0
BRDA:94,2,1,0
BRDA:106,3,0,0
BRDA:106,3,1,0
BRDA:106,3,2,0
BRDA:106,3,3,0
BRDA:106,3,4,0
BRDA:106,3,5,0
BRDA:106,3,6,0
BRF:13
BRH:0
end_of_record
