{"/home/paulendri/Projects/erbs/packages/client/src/constants/GameModes.ts": {"path":"/home/paulendri/Projects/erbs/packages/client/src/constants/GameModes.ts","statementMap":{"0":{"start":{"line":6,"column":0},"end":{"line":6,"column":null}},"1":{"start":{"line":7,"column":1},"end":{"line":7,"column":null}},"2":{"start":{"line":8,"column":1},"end":{"line":8,"column":null}},"3":{"start":{"line":9,"column":1},"end":{"line":9,"column":null}}},"fnMap":{"0":{"name":"(anonymous_0)","decl":{"start":{"line":6,"column":0},"end":{"line":6,"column":12}},"loc":{"start":{"line":6,"column":21},"end":{"line":10,"column":1}}}},"branchMap":{"0":{"loc":{"start":{"line":6,"column":12},"end":{"line":6,"column":21}},"type":"binary-expr","locations":[{"start":{"line":6,"column":12},"end":{"line":6,"column":21}},{"start":{"line":6,"column":12},"end":{"line":6,"column":null}}]}},"s":{"0":1,"1":1,"2":1,"3":1},"f":{"0":1},"b":{"0":[1,1]}}
,"/home/paulendri/Projects/erbs/packages/client/src/constants/MetaTypes.ts": {"path":"/home/paulendri/Projects/erbs/packages/client/src/constants/MetaTypes.ts","statementMap":{"0":{"start":{"line":6,"column":0},"end":{"line":6,"column":null}},"1":{"start":{"line":7,"column":1},"end":{"line":7,"column":null}},"2":{"start":{"line":8,"column":1},"end":{"line":8,"column":null}},"3":{"start":{"line":9,"column":1},"end":{"line":9,"column":null}},"4":{"start":{"line":10,"column":1},"end":{"line":10,"column":null}},"5":{"start":{"line":11,"column":1},"end":{"line":11,"column":null}},"6":{"start":{"line":12,"column":1},"end":{"line":12,"column":null}},"7":{"start":{"line":13,"column":1},"end":{"line":13,"column":null}},"8":{"start":{"line":14,"column":1},"end":{"line":14,"column":null}},"9":{"start":{"line":15,"column":1},"end":{"line":15,"column":null}},"10":{"start":{"line":16,"column":1},"end":{"line":16,"column":null}},"11":{"start":{"line":17,"column":1},"end":{"line":17,"column":null}},"12":{"start":{"line":18,"column":1},"end":{"line":18,"column":null}},"13":{"start":{"line":19,"column":1},"end":{"line":19,"column":null}},"14":{"start":{"line":20,"column":1},"end":{"line":20,"column":null}},"15":{"start":{"line":21,"column":1},"end":{"line":21,"column":null}},"16":{"start":{"line":22,"column":1},"end":{"line":22,"column":null}},"17":{"start":{"line":23,"column":1},"end":{"line":23,"column":null}},"18":{"start":{"line":24,"column":1},"end":{"line":24,"column":null}},"19":{"start":{"line":25,"column":1},"end":{"line":25,"column":null}},"20":{"start":{"line":26,"column":1},"end":{"line":26,"column":null}},"21":{"start":{"line":27,"column":1},"end":{"line":27,"column":null}},"22":{"start":{"line":28,"column":1},"end":{"line":28,"column":null}},"23":{"start":{"line":29,"column":1},"end":{"line":29,"column":null}},"24":{"start":{"line":30,"column":1},"end":{"line":30,"column":null}},"25":{"start":{"line":31,"column":1},"end":{"line":31,"column":null}},"26":{"start":{"line":32,"column":1},"end":{"line":32,"column":null}},"27":{"start":{"line":33,"column":1},"end":{"line":33,"column":null}},"28":{"start":{"line":34,"column":1},"end":{"line":34,"column":null}},"29":{"start":{"line":35,"column":1},"end":{"line":35,"column":null}},"30":{"start":{"line":36,"column":1},"end":{"line":36,"column":null}},"31":{"start":{"line":37,"column":1},"end":{"line":37,"column":null}},"32":{"start":{"line":38,"column":1},"end":{"line":38,"column":null}},"33":{"start":{"line":39,"column":1},"end":{"line":39,"column":null}},"34":{"start":{"line":40,"column":1},"end":{"line":40,"column":null}},"35":{"start":{"line":41,"column":1},"end":{"line":41,"column":null}},"36":{"start":{"line":42,"column":1},"end":{"line":42,"column":null}},"37":{"start":{"line":43,"column":1},"end":{"line":43,"column":null}},"38":{"start":{"line":44,"column":1},"end":{"line":44,"column":null}},"39":{"start":{"line":45,"column":1},"end":{"line":45,"column":null}},"40":{"start":{"line":46,"column":1},"end":{"line":46,"column":null}},"41":{"start":{"line":47,"column":1},"end":{"line":47,"column":null}},"42":{"start":{"line":48,"column":1},"end":{"line":48,"column":null}},"43":{"start":{"line":49,"column":1},"end":{"line":49,"column":null}},"44":{"start":{"line":50,"column":1},"end":{"line":50,"column":null}},"45":{"start":{"line":51,"column":1},"end":{"line":51,"column":null}},"46":{"start":{"line":52,"column":1},"end":{"line":52,"column":null}},"47":{"start":{"line":53,"column":1},"end":{"line":53,"column":null}},"48":{"start":{"line":54,"column":1},"end":{"line":54,"column":null}},"49":{"start":{"line":55,"column":1},"end":{"line":55,"column":null}},"50":{"start":{"line":56,"column":1},"end":{"line":56,"column":null}},"51":{"start":{"line":57,"column":1},"end":{"line":57,"column":null}},"52":{"start":{"line":58,"column":1},"end":{"line":58,"column":null}},"53":{"start":{"line":59,"column":1},"end":{"line":59,"column":null}},"54":{"start":{"line":60,"column":1},"end":{"line":60,"column":null}},"55":{"start":{"line":61,"column":1},"end":{"line":61,"column":null}},"56":{"start":{"line":62,"column":1},"end":{"line":62,"column":null}},"57":{"start":{"line":63,"column":1},"end":{"line":63,"column":null}},"58":{"start":{"line":64,"column":1},"end":{"line":64,"column":null}},"59":{"start":{"line":65,"column":1},"end":{"line":65,"column":null}},"60":{"start":{"line":66,"column":1},"end":{"line":66,"column":null}},"61":{"start":{"line":67,"column":1},"end":{"line":67,"column":null}},"62":{"start":{"line":68,"column":1},"end":{"line":68,"column":null}},"63":{"start":{"line":69,"column":1},"end":{"line":69,"column":null}},"64":{"start":{"line":70,"column":1},"end":{"line":70,"column":null}},"65":{"start":{"line":71,"column":1},"end":{"line":71,"column":null}},"66":{"start":{"line":72,"column":1},"end":{"line":72,"column":null}},"67":{"start":{"line":73,"column":1},"end":{"line":73,"column":null}},"68":{"start":{"line":74,"column":1},"end":{"line":74,"column":null}},"69":{"start":{"line":75,"column":1},"end":{"line":75,"column":null}},"70":{"start":{"line":76,"column":1},"end":{"line":76,"column":null}},"71":{"start":{"line":77,"column":1},"end":{"line":77,"column":null}},"72":{"start":{"line":78,"column":1},"end":{"line":78,"column":null}},"73":{"start":{"line":79,"column":1},"end":{"line":79,"column":null}},"74":{"start":{"line":80,"column":1},"end":{"line":80,"column":null}},"75":{"start":{"line":81,"column":1},"end":{"line":81,"column":null}}},"fnMap":{"0":{"name":"(anonymous_0)","decl":{"start":{"line":6,"column":0},"end":{"line":6,"column":12}},"loc":{"start":{"line":6,"column":21},"end":{"line":82,"column":1}}}},"branchMap":{"0":{"loc":{"start":{"line":6,"column":12},"end":{"line":6,"column":21}},"type":"binary-expr","locations":[{"start":{"line":6,"column":12},"end":{"line":6,"column":21}},{"start":{"line":6,"column":12},"end":{"line":6,"column":null}}]}},"s":{"0":1,"1":1,"2":1,"3":1,"4":1,"5":1,"6":1,"7":1,"8":1,"9":1,"10":1,"11":1,"12":1,"13":1,"14":1,"15":1,"16":1,"17":1,"18":1,"19":1,"20":1,"21":1,"22":1,"23":1,"24":1,"25":1,"26":1,"27":1,"28":1,"29":1,"30":1,"31":1,"32":1,"33":1,"34":1,"35":1,"36":1,"37":1,"38":1,"39":1,"40":1,"41":1,"42":1,"43":1,"44":1,"45":1,"46":1,"47":1,"48":1,"49":1,"50":1,"51":1,"52":1,"53":1,"54":1,"55":1,"56":1,"57":1,"58":1,"59":1,"60":1,"61":1,"62":1,"63":1,"64":1,"65":1,"66":1,"67":1,"68":1,"69":1,"70":1,"71":1,"72":1,"73":1,"74":1,"75":1},"f":{"0":1},"b":{"0":[1,1]}}
,"/home/paulendri/Projects/erbs/packages/client/src/constants/Routes.ts": {"path":"/home/paulendri/Projects/erbs/packages/client/src/constants/Routes.ts","statementMap":{"0":{"start":{"line":6,"column":13},"end":{"line":19,"column":2}}},"fnMap":{},"branchMap":{},"s":{"0":1},"f":{},"b":{}}
,"/home/paulendri/Projects/erbs/packages/client/src/libs/api.ts": {"path":"/home/paulendri/Projects/erbs/packages/client/src/libs/api.ts","statementMap":{"0":{"start":{"line":6,"column":0},"end":{"line":6,"column":51}},"1":{"start":{"line":7,"column":0},"end":{"line":7,"column":51}},"2":{"start":{"line":8,"column":0},"end":{"line":8,"column":45}},"3":{"start":{"line":22,"column":0},"end":{"line":22,"column":31}},"4":{"start":{"line":24,"column":16},"end":{"line":24,"column":18}},"5":{"start":{"line":30,"column":12},"end":{"line":30,"column":21}},"6":{"start":{"line":31,"column":12},"end":{"line":31,"column":25}},"7":{"start":{"line":27,"column":10},"end":{"line":27,"column":47}},"8":{"start":{"line":35,"column":4},"end":{"line":37,"column":null}},"9":{"start":{"line":36,"column":6},"end":{"line":36,"column":46}},"10":{"start":{"line":39,"column":21},"end":{"line":43,"column":6}},"11":{"start":{"line":45,"column":4},"end":{"line":50,"column":null}},"12":{"start":{"line":46,"column":22},"end":{"line":46,"column":43}},"13":{"start":{"line":47,"column":6},"end":{"line":47,"column":54}},"14":{"start":{"line":49,"column":6},"end":{"line":49,"column":45}},"15":{"start":{"line":54,"column":4},"end":{"line":54,"column":59}},"16":{"start":{"line":58,"column":4},"end":{"line":60,"column":null}},"17":{"start":{"line":59,"column":6},"end":{"line":59,"column":29}},"18":{"start":{"line":62,"column":17},"end":{"line":62,"column":62}},"19":{"start":{"line":64,"column":4},"end":{"line":64,"column":27}},"20":{"start":{"line":66,"column":4},"end":{"line":66,"column":16}},"21":{"start":{"line":70,"column":18},"end":{"line":70,"column":67}},"22":{"start":{"line":72,"column":4},"end":{"line":72,"column":34}},"23":{"start":{"line":76,"column":4},"end":{"line":76,"column":77}},"24":{"start":{"line":80,"column":4},"end":{"line":82,"column":32}},"25":{"start":{"line":86,"column":4},"end":{"line":88,"column":34}},"26":{"start":{"line":92,"column":4},"end":{"line":92,"column":74}},"27":{"start":{"line":96,"column":4},"end":{"line":96,"column":69}},"28":{"start":{"line":100,"column":4},"end":{"line":100,"column":71}},"29":{"start":{"line":107,"column":4},"end":{"line":107,"column":79}},"30":{"start":{"line":114,"column":4},"end":{"line":114,"column":71}},"31":{"start":{"line":121,"column":4},"end":{"line":121,"column":77}},"32":{"start":{"line":128,"column":4},"end":{"line":128,"column":80}},"33":{"start":{"line":135,"column":38},"end":{"line":139,"column":6}},"34":{"start":{"line":141,"column":4},"end":{"line":153,"column":7}},"35":{"start":{"line":142,"column":23},"end":{"line":142,"column":32}},"36":{"start":{"line":144,"column":6},"end":{"line":152,"column":8}},"37":{"start":{"line":147,"column":28},"end":{"line":147,"column":46}},"38":{"start":{"line":148,"column":44},"end":{"line":148,"column":48}},"39":{"start":{"line":150,"column":41},"end":{"line":150,"column":63}},"40":{"start":{"line":151,"column":58},"end":{"line":151,"column":62}},"41":{"start":{"line":163,"column":4},"end":{"line":167,"column":null}},"42":{"start":{"line":164,"column":6},"end":{"line":166,"column":8}},"43":{"start":{"line":168,"column":18},"end":{"line":170,"column":53}},"44":{"start":{"line":172,"column":21},"end":{"line":172,"column":49}},"45":{"start":{"line":174,"column":4},"end":{"line":174,"column":44}},"46":{"start":{"line":182,"column":4},"end":{"line":182,"column":60}},"47":{"start":{"line":190,"column":4},"end":{"line":190,"column":60}},"48":{"start":{"line":198,"column":4},"end":{"line":198,"column":62}},"49":{"start":{"line":213,"column":18},"end":{"line":216,"column":46}},"50":{"start":{"line":218,"column":21},"end":{"line":218,"column":49}},"51":{"start":{"line":220,"column":4},"end":{"line":220,"column":42}},"52":{"start":{"line":229,"column":18},"end":{"line":229,"column":75}},"53":{"start":{"line":231,"column":21},"end":{"line":231,"column":49}},"54":{"start":{"line":233,"column":4},"end":{"line":233,"column":52}},"55":{"start":{"line":243,"column":18},"end":{"line":245,"column":46}},"56":{"start":{"line":247,"column":21},"end":{"line":247,"column":49}},"57":{"start":{"line":249,"column":4},"end":{"line":249,"column":47}},"58":{"start":{"line":258,"column":18},"end":{"line":258,"column":60}},"59":{"start":{"line":260,"column":21},"end":{"line":260,"column":49}},"60":{"start":{"line":262,"column":4},"end":{"line":262,"column":66}},"61":{"start":{"line":266,"column":4},"end":{"line":266,"column":19}},"62":{"start":{"line":26,"column":0},"end":{"line":26,"column":13}}},"fnMap":{"0":{"name":"(anonymous_1)","decl":{"start":{"line":29,"column":2},"end":{"line":29,"column":null}},"loc":{"start":{"line":31,"column":52},"end":{"line":32,"column":6}}},"1":{"name":"(anonymous_2)","decl":{"start":{"line":34,"column":10},"end":{"line":34,"column":15}},"loc":{"start":{"line":34,"column":53},"end":{"line":51,"column":3}}},"2":{"name":"(anonymous_3)","decl":{"start":{"line":53,"column":10},"end":{"line":53,"column":27}},"loc":{"start":{"line":53,"column":43},"end":{"line":55,"column":3}}},"3":{"name":"(anonymous_4)","decl":{"start":{"line":57,"column":9},"end":{"line":57,"column":14}},"loc":{"start":{"line":57,"column":42},"end":{"line":67,"column":3}}},"4":{"name":"(anonymous_5)","decl":{"start":{"line":69,"column":9},"end":{"line":69,"column":14}},"loc":{"start":{"line":69,"column":30},"end":{"line":73,"column":3}}},"5":{"name":"(anonymous_6)","decl":{"start":{"line":75,"column":9},"end":{"line":75,"column":14}},"loc":{"start":{"line":75,"column":31},"end":{"line":77,"column":3}}},"6":{"name":"(anonymous_7)","decl":{"start":{"line":79,"column":9},"end":{"line":79,"column":14}},"loc":{"start":{"line":79,"column":37},"end":{"line":83,"column":3}}},"7":{"name":"(anonymous_8)","decl":{"start":{"line":85,"column":9},"end":{"line":85,"column":14}},"loc":{"start":{"line":85,"column":39},"end":{"line":89,"column":3}}},"8":{"name":"(anonymous_9)","decl":{"start":{"line":91,"column":9},"end":{"line":91,"column":14}},"loc":{"start":{"line":91,"column":28},"end":{"line":93,"column":3}}},"9":{"name":"(anonymous_10)","decl":{"start":{"line":95,"column":9},"end":{"line":95,"column":14}},"loc":{"start":{"line":95,"column":24},"end":{"line":97,"column":3}}},"10":{"name":"(anonymous_11)","decl":{"start":{"line":99,"column":9},"end":{"line":99,"column":14}},"loc":{"start":{"line":99,"column":25},"end":{"line":101,"column":3}}},"11":{"name":"(anonymous_12)","decl":{"start":{"line":106,"column":9},"end":{"line":106,"column":14}},"loc":{"start":{"line":106,"column":29},"end":{"line":108,"column":3}}},"12":{"name":"(anonymous_13)","decl":{"start":{"line":113,"column":9},"end":{"line":113,"column":14}},"loc":{"start":{"line":113,"column":27},"end":{"line":115,"column":3}}},"13":{"name":"(anonymous_14)","decl":{"start":{"line":120,"column":9},"end":{"line":120,"column":14}},"loc":{"start":{"line":120,"column":30},"end":{"line":122,"column":3}}},"14":{"name":"(anonymous_15)","decl":{"start":{"line":127,"column":9},"end":{"line":127,"column":14}},"loc":{"start":{"line":127,"column":31},"end":{"line":129,"column":3}}},"15":{"name":"(anonymous_16)","decl":{"start":{"line":134,"column":9},"end":{"line":134,"column":14}},"loc":{"start":{"line":134,"column":28},"end":{"line":154,"column":3}}},"16":{"name":"(anonymous_17)","decl":{"start":{"line":141,"column":20},"end":{"line":141,"column":21}},"loc":{"start":{"line":141,"column":34},"end":{"line":153,"column":5}}},"17":{"name":"(anonymous_18)","decl":{"start":{"line":147,"column":18},"end":{"line":147,"column":19}},"loc":{"start":{"line":147,"column":28},"end":{"line":147,"column":46}}},"18":{"name":"(anonymous_19)","decl":{"start":{"line":148,"column":15},"end":{"line":148,"column":16}},"loc":{"start":{"line":148,"column":44},"end":{"line":148,"column":48}}},"19":{"name":"(anonymous_20)","decl":{"start":{"line":150,"column":18},"end":{"line":150,"column":19}},"loc":{"start":{"line":150,"column":41},"end":{"line":150,"column":63}}},"20":{"name":"(anonymous_21)","decl":{"start":{"line":151,"column":15},"end":{"line":151,"column":16}},"loc":{"start":{"line":151,"column":58},"end":{"line":151,"column":62}}},"21":{"name":"(anonymous_22)","decl":{"start":{"line":162,"column":9},"end":{"line":162,"column":14}},"loc":{"start":{"line":162,"column":60},"end":{"line":175,"column":3}}},"22":{"name":"(anonymous_23)","decl":{"start":{"line":181,"column":9},"end":{"line":181,"column":14}},"loc":{"start":{"line":181,"column":37},"end":{"line":183,"column":3}}},"23":{"name":"(anonymous_24)","decl":{"start":{"line":189,"column":9},"end":{"line":189,"column":14}},"loc":{"start":{"line":189,"column":36},"end":{"line":191,"column":3}}},"24":{"name":"(anonymous_25)","decl":{"start":{"line":197,"column":9},"end":{"line":197,"column":14}},"loc":{"start":{"line":197,"column":38},"end":{"line":199,"column":3}}},"25":{"name":"(anonymous_26)","decl":{"start":{"line":208,"column":9},"end":{"line":208,"column":14}},"loc":{"start":{"line":211,"column":19},"end":{"line":221,"column":3}}},"26":{"name":"(anonymous_27)","decl":{"start":{"line":228,"column":9},"end":{"line":228,"column":14}},"loc":{"start":{"line":228,"column":47},"end":{"line":234,"column":3}}},"27":{"name":"(anonymous_28)","decl":{"start":{"line":242,"column":9},"end":{"line":242,"column":14}},"loc":{"start":{"line":242,"column":57},"end":{"line":250,"column":3}}},"28":{"name":"(anonymous_29)","decl":{"start":{"line":257,"column":9},"end":{"line":257,"column":14}},"loc":{"start":{"line":257,"column":43},"end":{"line":263,"column":3}}},"29":{"name":"(anonymous_30)","decl":{"start":{"line":265,"column":9},"end":{"line":265,"column":19}},"loc":{"start":{"line":265,"column":19},"end":{"line":267,"column":3}}}},"branchMap":{"0":{"loc":{"start":{"line":30,"column":21},"end":{"line":30,"column":40}},"type":"default-arg","locations":[{"start":{"line":30,"column":21},"end":{"line":30,"column":40}}]},"1":{"loc":{"start":{"line":31,"column":25},"end":{"line":31,"column":52}},"type":"default-arg","locations":[{"start":{"line":31,"column":25},"end":{"line":31,"column":52}}]},"2":{"loc":{"start":{"line":31,"column":25},"end":{"line":31,"column":44}},"type":"binary-expr","locations":[{"start":{"line":31,"column":25},"end":{"line":31,"column":44}},{"start":{"line":31,"column":48},"end":{"line":31,"column":52}}]},"3":{"loc":{"start":{"line":34,"column":48},"end":{"line":34,"column":53}},"type":"default-arg","locations":[{"start":{"line":34,"column":48},"end":{"line":34,"column":53}}]},"4":{"loc":{"start":{"line":35,"column":4},"end":{"line":37,"column":null}},"type":"if","locations":[{"start":{"line":35,"column":4},"end":{"line":37,"column":null}},{"start":{"line":35,"column":4},"end":{"line":37,"column":null}}]},"5":{"loc":{"start":{"line":41,"column":21},"end":{"line":41,"column":32}},"type":"binary-expr","locations":[{"start":{"line":41,"column":21},"end":{"line":41,"column":32}},{"start":{"line":41,"column":36},"end":{"line":41,"column":55}}]},"6":{"loc":{"start":{"line":45,"column":4},"end":{"line":50,"column":null}},"type":"if","locations":[{"start":{"line":45,"column":4},"end":{"line":50,"column":null}},{"start":{"line":45,"column":4},"end":{"line":50,"column":null}}]},"7":{"loc":{"start":{"line":47,"column":24},"end":{"line":47,"column":31}},"type":"cond-expr","locations":[{"start":{"line":47,"column":24},"end":{"line":47,"column":31}},{"start":{"line":47,"column":35},"end":{"line":47,"column":53}}]},"8":{"loc":{"start":{"line":58,"column":4},"end":{"line":60,"column":null}},"type":"if","locations":[{"start":{"line":58,"column":4},"end":{"line":60,"column":null}},{"start":{"line":58,"column":4},"end":{"line":60,"column":null}}]},"9":{"loc":{"start":{"line":163,"column":4},"end":{"line":167,"column":null}},"type":"if","locations":[{"start":{"line":163,"column":4},"end":{"line":167,"column":null}},{"start":{"line":163,"column":4},"end":{"line":167,"column":null}}]},"10":{"loc":{"start":{"line":163,"column":8},"end":{"line":163,"column":23}},"type":"binary-expr","locations":[{"start":{"line":163,"column":8},"end":{"line":163,"column":23}},{"start":{"line":163,"column":27},"end":{"line":163,"column":47}},{"start":{"line":163,"column":51},"end":{"line":163,"column":56}}]},"11":{"loc":{"start":{"line":181,"column":36},"end":{"line":181,"column":37}},"type":"default-arg","locations":[{"start":{"line":181,"column":36},"end":{"line":181,"column":37}}]},"12":{"loc":{"start":{"line":189,"column":35},"end":{"line":189,"column":36}},"type":"default-arg","locations":[{"start":{"line":189,"column":35},"end":{"line":189,"column":36}}]},"13":{"loc":{"start":{"line":197,"column":37},"end":{"line":197,"column":38}},"type":"default-arg","locations":[{"start":{"line":197,"column":37},"end":{"line":197,"column":38}}]},"14":{"loc":{"start":{"line":242,"column":56},"end":{"line":242,"column":57}},"type":"default-arg","locations":[{"start":{"line":242,"column":56},"end":{"line":242,"column":57}}]}},"s":{"0":1,"1":1,"2":1,"3":1,"4":1,"5":21,"6":21,"7":21,"8":4,"9":1,"10":3,"11":3,"12":2,"13":2,"14":1,"15":1,"16":1,"17":0,"18":1,"19":1,"20":1,"21":0,"22":0,"23":1,"24":1,"25":1,"26":1,"27":1,"28":1,"29":1,"30":1,"31":1,"32":1,"33":1,"34":1,"35":0,"36":0,"37":0,"38":0,"39":0,"40":0,"41":0,"42":0,"43":0,"44":0,"45":0,"46":0,"47":0,"48":0,"49":0,"50":0,"51":0,"52":0,"53":0,"54":0,"55":0,"56":0,"57":0,"58":0,"59":0,"60":0,"61":12,"62":1},"f":{"0":21,"1":4,"2":1,"3":1,"4":0,"5":1,"6":1,"7":1,"8":1,"9":1,"10":1,"11":1,"12":1,"13":1,"14":1,"15":1,"16":0,"17":0,"18":0,"19":0,"20":0,"21":0,"22":0,"23":0,"24":0,"25":0,"26":0,"27":0,"28":0,"29":12},"b":{"0":[3],"1":[20],"2":[20,1],"3":[3],"4":[1,3],"5":[3,0],"6":[2,1],"7":[1,1],"8":[0,1],"9":[0,0],"10":[0,0,0],"11":[0],"12":[0],"13":[0],"14":[0]}}
}
