TN:
SF:src/constants/GameModes.ts
FN:6,(anonymous_0)
FNF:1
FNH:1
FNDA:1,(anonymous_0)
DA:6,1
DA:7,1
DA:8,1
DA:9,1
LF:4
LH:4
BRDA:6,0,0,1
BRDA:6,0,1,1
BRF:2
BRH:2
end_of_record
TN:
SF:src/constants/MetaTypes.ts
FN:6,(anonymous_0)
FNF:1
FNH:1
FNDA:1,(anonymous_0)
DA:6,1
DA:7,1
DA:8,1
DA:9,1
DA:10,1
DA:11,1
DA:12,1
DA:13,1
DA:14,1
DA:15,1
DA:16,1
DA:17,1
DA:18,1
DA:19,1
DA:20,1
DA:21,1
DA:22,1
DA:23,1
DA:24,1
DA:25,1
DA:26,1
DA:27,1
DA:28,1
DA:29,1
DA:30,1
DA:31,1
DA:32,1
DA:33,1
DA:34,1
DA:35,1
DA:36,1
DA:37,1
DA:38,1
DA:39,1
DA:40,1
DA:41,1
DA:42,1
DA:43,1
DA:44,1
DA:45,1
DA:46,1
DA:47,1
DA:48,1
DA:49,1
DA:50,1
DA:51,1
DA:52,1
DA:53,1
DA:54,1
DA:55,1
DA:56,1
DA:57,1
DA:58,1
DA:59,1
DA:60,1
DA:61,1
DA:62,1
DA:63,1
DA:64,1
DA:65,1
DA:66,1
DA:67,1
DA:68,1
DA:69,1
DA:70,1
DA:71,1
DA:72,1
DA:73,1
DA:74,1
DA:75,1
DA:76,1
DA:77,1
DA:78,1
DA:79,1
DA:80,1
DA:81,1
LF:76
LH:76
BRDA:6,0,0,1
BRDA:6,0,1,1
BRF:2
BRH:2
end_of_record
TN:
SF:src/constants/Routes.ts
FNF:0
FNH:0
DA:6,1
LF:1
LH:1
BRF:0
BRH:0
end_of_record
TN:
SF:src/libs/api.ts
FN:29,(anonymous_1)
FN:34,(anonymous_2)
FN:53,(anonymous_3)
FN:57,(anonymous_4)
FN:69,(anonymous_5)
FN:75,(anonymous_6)
FN:79,(anonymous_7)
FN:83,(anonymous_8)
FN:87,(anonymous_9)
FN:91,(anonymous_10)
FN:95,(anonymous_11)
FN:102,(anonymous_12)
FN:109,(anonymous_13)
FN:116,(anonymous_14)
FN:123,(anonymous_15)
FN:130,(anonymous_16)
FN:137,(anonymous_17)
FN:143,(anonymous_18)
FN:144,(anonymous_19)
FN:146,(anonymous_20)
FN:147,(anonymous_21)
FN:158,(anonymous_22)
FN:177,(anonymous_23)
FN:185,(anonymous_24)
FN:193,(anonymous_25)
FN:204,(anonymous_26)
FN:220,(anonymous_27)
FN:234,(anonymous_28)
FN:249,(anonymous_29)
FNF:29
FNH:3
FNDA:10,(anonymous_1)
FNDA:4,(anonymous_2)
FNDA:0,(anonymous_3)
FNDA:0,(anonymous_4)
FNDA:0,(anonymous_5)
FNDA:0,(anonymous_6)
FNDA:0,(anonymous_7)
FNDA:0,(anonymous_8)
FNDA:0,(anonymous_9)
FNDA:0,(anonymous_10)
FNDA:0,(anonymous_11)
FNDA:0,(anonymous_12)
FNDA:0,(anonymous_13)
FNDA:0,(anonymous_14)
FNDA:0,(anonymous_15)
FNDA:1,(anonymous_16)
FNDA:0,(anonymous_17)
FNDA:0,(anonymous_18)
FNDA:0,(anonymous_19)
FNDA:0,(anonymous_20)
FNDA:0,(anonymous_21)
FNDA:0,(anonymous_22)
FNDA:0,(anonymous_23)
FNDA:0,(anonymous_24)
FNDA:0,(anonymous_25)
FNDA:0,(anonymous_26)
FNDA:0,(anonymous_27)
FNDA:0,(anonymous_28)
FNDA:0,(anonymous_29)
DA:6,1
DA:7,1
DA:8,1
DA:22,1
DA:24,1
DA:26,1
DA:27,10
DA:30,10
DA:31,10
DA:35,4
DA:36,1
DA:39,3
DA:45,3
DA:46,2
DA:47,2
DA:49,1
DA:54,0
DA:58,0
DA:59,0
DA:62,0
DA:64,0
DA:66,0
DA:70,0
DA:72,0
DA:76,0
DA:80,0
DA:84,0
DA:88,0
DA:92,0
DA:96,0
DA:103,0
DA:110,0
DA:117,0
DA:124,0
DA:131,1
DA:137,1
DA:138,0
DA:140,0
DA:143,0
DA:144,0
DA:146,0
DA:147,0
DA:159,0
DA:160,0
DA:164,0
DA:168,0
DA:170,0
DA:178,0
DA:186,0
DA:194,0
DA:205,0
DA:210,0
DA:212,0
DA:221,0
DA:223,0
DA:225,0
DA:235,0
DA:239,0
DA:241,0
DA:250,0
DA:252,0
DA:254,0
LF:62
LH:18
BRDA:30,0,0,3
BRDA:31,1,0,9
BRDA:31,2,0,9
BRDA:31,2,1,1
BRDA:34,3,0,3
BRDA:35,4,0,1
BRDA:35,4,1,3
BRDA:41,5,0,3
BRDA:41,5,1,0
BRDA:45,6,0,2
BRDA:45,6,1,1
BRDA:47,7,0,1
BRDA:47,7,1,1
BRDA:58,8,0,0
BRDA:58,8,1,0
BRDA:159,9,0,0
BRDA:159,9,1,0
BRDA:159,10,0,0
BRDA:159,10,1,0
BRDA:159,10,2,0
BRDA:177,11,0,0
BRDA:185,12,0,0
BRDA:193,13,0,0
BRDA:234,14,0,0
BRF:24
BRH:12
end_of_record
