TN:
SF:src/constants/GameModes.ts
FN:6,(anonymous_0)
FNF:1
FNH:1
FNDA:1,(anonymous_0)
DA:6,1
DA:7,1
DA:8,1
DA:9,1
LF:4
LH:4
BRDA:6,0,0,1
BRDA:6,0,1,1
BRF:2
BRH:2
end_of_record
TN:
SF:src/constants/MetaTypes.ts
FN:6,(anonymous_0)
FNF:1
FNH:1
FNDA:1,(anonymous_0)
DA:6,1
DA:7,1
DA:8,1
DA:9,1
DA:10,1
DA:11,1
DA:12,1
DA:13,1
DA:14,1
DA:15,1
DA:16,1
DA:17,1
DA:18,1
DA:19,1
DA:20,1
DA:21,1
DA:22,1
DA:23,1
DA:24,1
DA:25,1
DA:26,1
DA:27,1
DA:28,1
DA:29,1
DA:30,1
DA:31,1
DA:32,1
DA:33,1
DA:34,1
DA:35,1
DA:36,1
DA:37,1
DA:38,1
DA:39,1
DA:40,1
DA:41,1
DA:42,1
DA:43,1
DA:44,1
DA:45,1
DA:46,1
DA:47,1
DA:48,1
DA:49,1
DA:50,1
DA:51,1
DA:52,1
DA:53,1
DA:54,1
DA:55,1
DA:56,1
DA:57,1
DA:58,1
DA:59,1
DA:60,1
DA:61,1
DA:62,1
DA:63,1
DA:64,1
DA:65,1
DA:66,1
DA:67,1
DA:68,1
DA:69,1
DA:70,1
DA:71,1
DA:72,1
DA:73,1
DA:74,1
DA:75,1
DA:76,1
DA:77,1
DA:78,1
DA:79,1
DA:80,1
DA:81,1
LF:76
LH:76
BRDA:6,0,0,1
BRDA:6,0,1,1
BRF:2
BRH:2
end_of_record
TN:
SF:src/constants/Routes.ts
FNF:0
FNH:0
DA:6,1
LF:1
LH:1
BRF:0
BRH:0
end_of_record
TN:
SF:src/libs/api.ts
FN:29,(anonymous_1)
FN:34,(anonymous_2)
FN:53,(anonymous_3)
FN:57,(anonymous_4)
FN:69,(anonymous_5)
FN:75,(anonymous_6)
FN:79,(anonymous_7)
FN:85,(anonymous_8)
FN:91,(anonymous_9)
FN:95,(anonymous_10)
FN:99,(anonymous_11)
FN:106,(anonymous_12)
FN:113,(anonymous_13)
FN:120,(anonymous_14)
FN:127,(anonymous_15)
FN:134,(anonymous_16)
FN:141,(anonymous_17)
FN:147,(anonymous_18)
FN:148,(anonymous_19)
FN:150,(anonymous_20)
FN:151,(anonymous_21)
FN:162,(anonymous_22)
FN:181,(anonymous_23)
FN:189,(anonymous_24)
FN:197,(anonymous_25)
FN:208,(anonymous_26)
FN:228,(anonymous_27)
FN:242,(anonymous_28)
FN:257,(anonymous_29)
FN:265,(anonymous_30)
FNF:30
FNH:16
FNDA:21,(anonymous_1)
FNDA:4,(anonymous_2)
FNDA:1,(anonymous_3)
FNDA:1,(anonymous_4)
FNDA:0,(anonymous_5)
FNDA:1,(anonymous_6)
FNDA:1,(anonymous_7)
FNDA:1,(anonymous_8)
FNDA:1,(anonymous_9)
FNDA:1,(anonymous_10)
FNDA:1,(anonymous_11)
FNDA:1,(anonymous_12)
FNDA:1,(anonymous_13)
FNDA:1,(anonymous_14)
FNDA:1,(anonymous_15)
FNDA:1,(anonymous_16)
FNDA:0,(anonymous_17)
FNDA:0,(anonymous_18)
FNDA:0,(anonymous_19)
FNDA:0,(anonymous_20)
FNDA:0,(anonymous_21)
FNDA:0,(anonymous_22)
FNDA:0,(anonymous_23)
FNDA:0,(anonymous_24)
FNDA:0,(anonymous_25)
FNDA:0,(anonymous_26)
FNDA:0,(anonymous_27)
FNDA:0,(anonymous_28)
FNDA:0,(anonymous_29)
FNDA:12,(anonymous_30)
DA:6,1
DA:7,1
DA:8,1
DA:22,1
DA:24,1
DA:26,1
DA:27,21
DA:30,21
DA:31,21
DA:35,4
DA:36,1
DA:39,3
DA:45,3
DA:46,2
DA:47,2
DA:49,1
DA:54,1
DA:58,1
DA:59,0
DA:62,1
DA:64,1
DA:66,1
DA:70,0
DA:72,0
DA:76,1
DA:80,1
DA:86,1
DA:92,1
DA:96,1
DA:100,1
DA:107,1
DA:114,1
DA:121,1
DA:128,1
DA:135,1
DA:141,1
DA:142,0
DA:144,0
DA:147,0
DA:148,0
DA:150,0
DA:151,0
DA:163,0
DA:164,0
DA:168,0
DA:172,0
DA:174,0
DA:182,0
DA:190,0
DA:198,0
DA:213,0
DA:218,0
DA:220,0
DA:229,0
DA:231,0
DA:233,0
DA:243,0
DA:247,0
DA:249,0
DA:258,0
DA:260,0
DA:262,0
DA:266,12
LF:63
LH:34
BRDA:30,0,0,3
BRDA:31,1,0,20
BRDA:31,2,0,20
BRDA:31,2,1,1
BRDA:34,3,0,3
BRDA:35,4,0,1
BRDA:35,4,1,3
BRDA:41,5,0,3
BRDA:41,5,1,0
BRDA:45,6,0,2
BRDA:45,6,1,1
BRDA:47,7,0,1
BRDA:47,7,1,1
BRDA:58,8,0,0
BRDA:58,8,1,1
BRDA:163,9,0,0
BRDA:163,9,1,0
BRDA:163,10,0,0
BRDA:163,10,1,0
BRDA:163,10,2,0
BRDA:181,11,0,0
BRDA:189,12,0,0
BRDA:197,13,0,0
BRDA:242,14,0,0
BRF:24
BRH:13
end_of_record
